<?xml version="1.0" encoding="UTF-8"?>
<testsuite name="jpabook.jpashop.service.ItemUpdateTest" tests="2" skipped="0" failures="0" errors="0" timestamp="2023-12-01T04:03:22" hostname="MacBook-Pro.local" time="0.027">
  <properties/>
  <testcase name="업데이트_변경감지()" classname="jpabook.jpashop.service.ItemUpdateTest" time="0.013"/>
  <testcase name="업데이트_병합()" classname="jpabook.jpashop.service.ItemUpdateTest" time="0.013"/>
  <system-out><![CDATA[2023-12-01 13:03:22.166  INFO 65078 --- [    Test worker] .b.t.c.SpringBootTestContextBootstrapper : Neither @ContextConfiguration nor @ContextHierarchy found for test class [jpabook.jpashop.service.ItemUpdateTest], using SpringBootContextLoader
2023-12-01 13:03:22.166  INFO 65078 --- [    Test worker] o.s.t.c.support.AbstractContextLoader    : Could not detect default resource locations for test class [jpabook.jpashop.service.ItemUpdateTest]: no resource found for suffixes {-context.xml, Context.groovy}.
2023-12-01 13:03:22.166  INFO 65078 --- [    Test worker] t.c.s.AnnotationConfigContextLoaderUtils : Could not detect default configuration classes for test class [jpabook.jpashop.service.ItemUpdateTest]: ItemUpdateTest does not declare any static, non-private, non-final, nested classes annotated with @Configuration.
2023-12-01 13:03:22.168  INFO 65078 --- [    Test worker] .b.t.c.SpringBootTestContextBootstrapper : Found @SpringBootConfiguration jpabook.jpashop.JpashopApplication for test class jpabook.jpashop.service.ItemUpdateTest
2023-12-01 13:03:22.169  INFO 65078 --- [    Test worker] .b.t.c.SpringBootTestContextBootstrapper : Loaded default TestExecutionListener class names from location [META-INF/spring.factories]: [org.springframework.boot.test.autoconfigure.restdocs.RestDocsTestExecutionListener, org.springframework.boot.test.autoconfigure.web.client.MockRestServiceServerResetTestExecutionListener, org.springframework.boot.test.autoconfigure.web.servlet.MockMvcPrintOnlyOnFailureTestExecutionListener, org.springframework.boot.test.autoconfigure.web.servlet.WebDriverTestExecutionListener, org.springframework.boot.test.autoconfigure.webservices.client.MockWebServiceServerTestExecutionListener, org.springframework.boot.test.mock.mockito.MockitoTestExecutionListener, org.springframework.boot.test.mock.mockito.ResetMocksTestExecutionListener, org.springframework.test.context.web.ServletTestExecutionListener, org.springframework.test.context.support.DirtiesContextBeforeModesTestExecutionListener, org.springframework.test.context.event.ApplicationEventsTestExecutionListener, org.springframework.test.context.support.DependencyInjectionTestExecutionListener, org.springframework.test.context.support.DirtiesContextTestExecutionListener, org.springframework.test.context.transaction.TransactionalTestExecutionListener, org.springframework.test.context.jdbc.SqlScriptsTestExecutionListener, org.springframework.test.context.event.EventPublishingTestExecutionListener]
2023-12-01 13:03:22.169  INFO 65078 --- [    Test worker] .b.t.c.SpringBootTestContextBootstrapper : Using TestExecutionListeners: [org.springframework.test.context.web.ServletTestExecutionListener@73418044, org.springframework.test.context.support.DirtiesContextBeforeModesTestExecutionListener@58ec04f4, org.springframework.test.context.event.ApplicationEventsTestExecutionListener@52b2713a, org.springframework.boot.test.mock.mockito.MockitoTestExecutionListener@54e39504, org.springframework.boot.test.autoconfigure.SpringBootDependencyInjectionTestExecutionListener@2bdf6c7c, org.springframework.test.context.support.DirtiesContextTestExecutionListener@13ac1657, org.springframework.test.context.transaction.TransactionalTestExecutionListener@52d68eb9, org.springframework.test.context.jdbc.SqlScriptsTestExecutionListener@1a557a52, org.springframework.test.context.event.EventPublishingTestExecutionListener@4ab959e8, org.springframework.boot.test.autoconfigure.restdocs.RestDocsTestExecutionListener@39d4f046, org.springframework.boot.test.autoconfigure.web.client.MockRestServiceServerResetTestExecutionListener@5f910283, org.springframework.boot.test.autoconfigure.web.servlet.MockMvcPrintOnlyOnFailureTestExecutionListener@6e2764c9, org.springframework.boot.test.autoconfigure.web.servlet.WebDriverTestExecutionListener@6e5106fc, org.springframework.boot.test.autoconfigure.webservices.client.MockWebServiceServerTestExecutionListener@70199db0, org.springframework.boot.test.mock.mockito.ResetMocksTestExecutionListener@274b0c2a]
2023-12-01 13:03:22.173  INFO 65078 --- [    Test worker] o.s.t.c.transaction.TransactionContext   : Began transaction (1) for test context [DefaultTestContext@51179fad testClass = ItemUpdateTest, testInstance = jpabook.jpashop.service.ItemUpdateTest@2afa1b1a, testMethod = 업데이트_변경감지@ItemUpdateTest, testException = [null], mergedContextConfiguration = [WebMergedContextConfiguration@30fffb53 testClass = ItemUpdateTest, locations = '{}', classes = '{class jpabook.jpashop.JpashopApplication}', contextInitializerClasses = '[]', activeProfiles = '{}', propertySourceLocations = '{}', propertySourceProperties = '{org.springframework.boot.test.context.SpringBootTestContextBootstrapper=true}', contextCustomizers = set[org.springframework.boot.test.autoconfigure.actuate.metrics.MetricsExportContextCustomizerFactory$DisableMetricExportContextCustomizer@7b205dbd, org.springframework.boot.test.autoconfigure.properties.PropertyMappingContextCustomizer@0, org.springframework.boot.test.autoconfigure.web.servlet.WebDriverContextCustomizerFactory$Customizer@3b7d3a38, org.springframework.boot.test.context.filter.ExcludeFilterContextCustomizer@2bb3058, org.springframework.boot.test.json.DuplicateJsonObjectContextCustomizerFactory$DuplicateJsonObjectContextCustomizer@4ae9cfc1, org.springframework.boot.test.mock.mockito.MockitoContextCustomizer@0, org.springframework.boot.test.web.client.TestRestTemplateContextCustomizer@3b96c42e, org.springframework.boot.test.context.SpringBootTestArgs@1, org.springframework.boot.test.context.SpringBootTestWebEnvironment@175b9425], resourceBasePath = 'src/main/webapp', contextLoader = 'org.springframework.boot.test.context.SpringBootContextLoader', parent = [null]], attributes = map['org.springframework.test.context.web.ServletTestExecutionListener.activateListener' -> true, 'org.springframework.test.context.web.ServletTestExecutionListener.populatedRequestContextHolder' -> true, 'org.springframework.test.context.web.ServletTestExecutionListener.resetRequestContextHolder' -> true, 'org.springframework.test.context.event.ApplicationEventsTestExecutionListener.recordApplicationEvents' -> false]]; transaction manager [org.springframework.orm.jpa.JpaTransactionManager@38c1b1a7]; rollback [false]
2023-12-01 13:03:22.176 DEBUG 65078 --- [    Test worker] org.hibernate.SQL                        : 
    select
        book0_.item_id as item_id2_3_0_,
        book0_.name as name3_3_0_,
        book0_.price as price4_3_0_,
        book0_.stock_quantity as stock_qu5_3_0_,
        book0_.author as author8_3_0_,
        book0_.isbn as isbn9_3_0_ 
    from
        item book0_ 
    where
        book0_.item_id=? 
        and book0_.dtype='B'
2023-12-01 13:03:22.177 TRACE 65078 --- [    Test worker] o.h.type.descriptor.sql.BasicBinder      : binding parameter [1] as [BIGINT] - [3]
2023-12-01 13:03:22.177  INFO 65078 --- [    Test worker] p6spy                                    : #1701403402177 | took 0ms | statement | connection 18| url jdbc:mysql://localhost:3306/jpa
select book0_.item_id as item_id2_3_0_, book0_.name as name3_3_0_, book0_.price as price4_3_0_, book0_.stock_quantity as stock_qu5_3_0_, book0_.author as author8_3_0_, book0_.isbn as isbn9_3_0_ from item book0_ where book0_.item_id=? and book0_.dtype='B'
select book0_.item_id as item_id2_3_0_, book0_.name as name3_3_0_, book0_.price as price4_3_0_, book0_.stock_quantity as stock_qu5_3_0_, book0_.author as author8_3_0_, book0_.isbn as isbn9_3_0_ from item book0_ where book0_.item_id=3 and book0_.dtype='B';
2023-12-01 13:03:22.178 TRACE 65078 --- [    Test worker] o.h.type.descriptor.sql.BasicExtractor   : extracted value ([name3_3_0_] : [VARCHAR]) - [JPA2 BOOK]
2023-12-01 13:03:22.179 TRACE 65078 --- [    Test worker] o.h.type.descriptor.sql.BasicExtractor   : extracted value ([price4_3_0_] : [INTEGER]) - [20000]
2023-12-01 13:03:22.179 TRACE 65078 --- [    Test worker] o.h.type.descriptor.sql.BasicExtractor   : extracted value ([stock_qu5_3_0_] : [INTEGER]) - [98]
2023-12-01 13:03:22.179 TRACE 65078 --- [    Test worker] o.h.type.descriptor.sql.BasicExtractor   : extracted value ([author8_3_0_] : [VARCHAR]) - [null]
2023-12-01 13:03:22.179 TRACE 65078 --- [    Test worker] o.h.type.descriptor.sql.BasicExtractor   : extracted value ([isbn9_3_0_] : [VARCHAR]) - [null]
2023-12-01 13:03:22.180 TRACE 65078 --- [    Test worker] org.hibernate.type.CollectionType        : Created collection wrapper: [jpabook.jpashop.domain.item.Item.categories#3]
2023-12-01 13:03:22.180 TRACE 65078 --- [    Test worker] org.hibernate.type.CollectionType        : Created collection wrapper: [jpabook.jpashop.domain.item.Item.orderItems#3]
2023-12-01 13:03:22.181 DEBUG 65078 --- [    Test worker] org.hibernate.SQL                        : 
    update
        item 
    set
        name=?,
        price=?,
        stock_quantity=?,
        author=?,
        isbn=? 
    where
        item_id=?
2023-12-01 13:03:22.181 TRACE 65078 --- [    Test worker] o.h.type.descriptor.sql.BasicBinder      : binding parameter [1] as [VARCHAR] - [jpa44]
2023-12-01 13:03:22.181 TRACE 65078 --- [    Test worker] o.h.type.descriptor.sql.BasicBinder      : binding parameter [2] as [INTEGER] - [20000]
2023-12-01 13:03:22.181 TRACE 65078 --- [    Test worker] o.h.type.descriptor.sql.BasicBinder      : binding parameter [3] as [INTEGER] - [98]
2023-12-01 13:03:22.181 TRACE 65078 --- [    Test worker] o.h.type.descriptor.sql.BasicBinder      : binding parameter [4] as [VARCHAR] - [null]
2023-12-01 13:03:22.181 TRACE 65078 --- [    Test worker] o.h.type.descriptor.sql.BasicBinder      : binding parameter [5] as [VARCHAR] - [null]
2023-12-01 13:03:22.181 TRACE 65078 --- [    Test worker] o.h.type.descriptor.sql.BasicBinder      : binding parameter [6] as [BIGINT] - [3]
2023-12-01 13:03:22.183  INFO 65078 --- [    Test worker] p6spy                                    : #1701403402183 | took 1ms | statement | connection 18| url jdbc:mysql://localhost:3306/jpa
update item set name=?, price=?, stock_quantity=?, author=?, isbn=? where item_id=?
update item set name='jpa44', price=20000, stock_quantity=98, author=NULL, isbn=NULL where item_id=3;
2023-12-01 13:03:22.184  INFO 65078 --- [    Test worker] p6spy                                    : #1701403402184 | took 0ms | commit | connection 18| url jdbc:mysql://localhost:3306/jpa

;
2023-12-01 13:03:22.184  INFO 65078 --- [    Test worker] o.s.t.c.transaction.TransactionContext   : Committed transaction for test: [DefaultTestContext@51179fad testClass = ItemUpdateTest, testInstance = jpabook.jpashop.service.ItemUpdateTest@2afa1b1a, testMethod = 업데이트_변경감지@ItemUpdateTest, testException = [null], mergedContextConfiguration = [WebMergedContextConfiguration@30fffb53 testClass = ItemUpdateTest, locations = '{}', classes = '{class jpabook.jpashop.JpashopApplication}', contextInitializerClasses = '[]', activeProfiles = '{}', propertySourceLocations = '{}', propertySourceProperties = '{org.springframework.boot.test.context.SpringBootTestContextBootstrapper=true}', contextCustomizers = set[org.springframework.boot.test.autoconfigure.actuate.metrics.MetricsExportContextCustomizerFactory$DisableMetricExportContextCustomizer@7b205dbd, org.springframework.boot.test.autoconfigure.properties.PropertyMappingContextCustomizer@0, org.springframework.boot.test.autoconfigure.web.servlet.WebDriverContextCustomizerFactory$Customizer@3b7d3a38, org.springframework.boot.test.context.filter.ExcludeFilterContextCustomizer@2bb3058, org.springframework.boot.test.json.DuplicateJsonObjectContextCustomizerFactory$DuplicateJsonObjectContextCustomizer@4ae9cfc1, org.springframework.boot.test.mock.mockito.MockitoContextCustomizer@0, org.springframework.boot.test.web.client.TestRestTemplateContextCustomizer@3b96c42e, org.springframework.boot.test.context.SpringBootTestArgs@1, org.springframework.boot.test.context.SpringBootTestWebEnvironment@175b9425], resourceBasePath = 'src/main/webapp', contextLoader = 'org.springframework.boot.test.context.SpringBootContextLoader', parent = [null]], attributes = map['org.springframework.test.context.web.ServletTestExecutionListener.activateListener' -> true, 'org.springframework.test.context.web.ServletTestExecutionListener.populatedRequestContextHolder' -> true, 'org.springframework.test.context.web.ServletTestExecutionListener.resetRequestContextHolder' -> true, 'org.springframework.test.context.event.ApplicationEventsTestExecutionListener.recordApplicationEvents' -> false]]
2023-12-01 13:03:22.190  INFO 65078 --- [    Test worker] o.s.t.c.transaction.TransactionContext   : Began transaction (1) for test context [DefaultTestContext@51179fad testClass = ItemUpdateTest, testInstance = jpabook.jpashop.service.ItemUpdateTest@7510824, testMethod = 업데이트_병합@ItemUpdateTest, testException = [null], mergedContextConfiguration = [WebMergedContextConfiguration@30fffb53 testClass = ItemUpdateTest, locations = '{}', classes = '{class jpabook.jpashop.JpashopApplication}', contextInitializerClasses = '[]', activeProfiles = '{}', propertySourceLocations = '{}', propertySourceProperties = '{org.springframework.boot.test.context.SpringBootTestContextBootstrapper=true}', contextCustomizers = set[org.springframework.boot.test.autoconfigure.actuate.metrics.MetricsExportContextCustomizerFactory$DisableMetricExportContextCustomizer@7b205dbd, org.springframework.boot.test.autoconfigure.properties.PropertyMappingContextCustomizer@0, org.springframework.boot.test.autoconfigure.web.servlet.WebDriverContextCustomizerFactory$Customizer@3b7d3a38, org.springframework.boot.test.context.filter.ExcludeFilterContextCustomizer@2bb3058, org.springframework.boot.test.json.DuplicateJsonObjectContextCustomizerFactory$DuplicateJsonObjectContextCustomizer@4ae9cfc1, org.springframework.boot.test.mock.mockito.MockitoContextCustomizer@0, org.springframework.boot.test.web.client.TestRestTemplateContextCustomizer@3b96c42e, org.springframework.boot.test.context.SpringBootTestArgs@1, org.springframework.boot.test.context.SpringBootTestWebEnvironment@175b9425], resourceBasePath = 'src/main/webapp', contextLoader = 'org.springframework.boot.test.context.SpringBootContextLoader', parent = [null]], attributes = map['org.springframework.test.context.web.ServletTestExecutionListener.activateListener' -> true, 'org.springframework.test.context.web.ServletTestExecutionListener.populatedRequestContextHolder' -> true, 'org.springframework.test.context.web.ServletTestExecutionListener.resetRequestContextHolder' -> true, 'org.springframework.test.context.event.ApplicationEventsTestExecutionListener.recordApplicationEvents' -> false]]; transaction manager [org.springframework.orm.jpa.JpaTransactionManager@38c1b1a7]; rollback [false]
2023-12-01 13:03:22.192 DEBUG 65078 --- [    Test worker] org.hibernate.SQL                        : 
    select
        book0_.item_id as item_id2_3_0_,
        book0_.name as name3_3_0_,
        book0_.price as price4_3_0_,
        book0_.stock_quantity as stock_qu5_3_0_,
        book0_.author as author8_3_0_,
        book0_.isbn as isbn9_3_0_ 
    from
        item book0_ 
    where
        book0_.item_id=? 
        and book0_.dtype='B'
2023-12-01 13:03:22.192 TRACE 65078 --- [    Test worker] o.h.type.descriptor.sql.BasicBinder      : binding parameter [1] as [BIGINT] - [3]
2023-12-01 13:03:22.192  INFO 65078 --- [    Test worker] p6spy                                    : #1701403402192 | took 0ms | statement | connection 19| url jdbc:mysql://localhost:3306/jpa
select book0_.item_id as item_id2_3_0_, book0_.name as name3_3_0_, book0_.price as price4_3_0_, book0_.stock_quantity as stock_qu5_3_0_, book0_.author as author8_3_0_, book0_.isbn as isbn9_3_0_ from item book0_ where book0_.item_id=? and book0_.dtype='B'
select book0_.item_id as item_id2_3_0_, book0_.name as name3_3_0_, book0_.price as price4_3_0_, book0_.stock_quantity as stock_qu5_3_0_, book0_.author as author8_3_0_, book0_.isbn as isbn9_3_0_ from item book0_ where book0_.item_id=3 and book0_.dtype='B';
2023-12-01 13:03:22.193 TRACE 65078 --- [    Test worker] o.h.type.descriptor.sql.BasicExtractor   : extracted value ([name3_3_0_] : [VARCHAR]) - [jpa44]
2023-12-01 13:03:22.193 TRACE 65078 --- [    Test worker] o.h.type.descriptor.sql.BasicExtractor   : extracted value ([price4_3_0_] : [INTEGER]) - [20000]
2023-12-01 13:03:22.193 TRACE 65078 --- [    Test worker] o.h.type.descriptor.sql.BasicExtractor   : extracted value ([stock_qu5_3_0_] : [INTEGER]) - [98]
2023-12-01 13:03:22.193 TRACE 65078 --- [    Test worker] o.h.type.descriptor.sql.BasicExtractor   : extracted value ([author8_3_0_] : [VARCHAR]) - [null]
2023-12-01 13:03:22.193 TRACE 65078 --- [    Test worker] o.h.type.descriptor.sql.BasicExtractor   : extracted value ([isbn9_3_0_] : [VARCHAR]) - [null]
2023-12-01 13:03:22.193 TRACE 65078 --- [    Test worker] org.hibernate.type.CollectionType        : Created collection wrapper: [jpabook.jpashop.domain.item.Item.categories#3]
2023-12-01 13:03:22.193 TRACE 65078 --- [    Test worker] org.hibernate.type.CollectionType        : Created collection wrapper: [jpabook.jpashop.domain.item.Item.orderItems#3]
2023-12-01 13:03:22.193 DEBUG 65078 --- [    Test worker] org.hibernate.SQL                        : 
    select
        categories0_.item_id as item_id1_1_0_,
        categories0_.category_id as category2_1_0_,
        category1_.category_id as category1_0_1_,
        category1_.name as name2_0_1_,
        category1_.parent_id as parent_i3_0_1_ 
    from
        category_item categories0_ 
    inner join
        category category1_ 
            on categories0_.category_id=category1_.category_id 
    where
        categories0_.item_id=?
2023-12-01 13:03:22.193 TRACE 65078 --- [    Test worker] o.h.type.descriptor.sql.BasicBinder      : binding parameter [1] as [BIGINT] - [3]
2023-12-01 13:03:22.195  INFO 65078 --- [    Test worker] p6spy                                    : #1701403402195 | took 1ms | statement | connection 19| url jdbc:mysql://localhost:3306/jpa
select categories0_.item_id as item_id1_1_0_, categories0_.category_id as category2_1_0_, category1_.category_id as category1_0_1_, category1_.name as name2_0_1_, category1_.parent_id as parent_i3_0_1_ from category_item categories0_ inner join category category1_ on categories0_.category_id=category1_.category_id where categories0_.item_id=?
select categories0_.item_id as item_id1_1_0_, categories0_.category_id as category2_1_0_, category1_.category_id as category1_0_1_, category1_.name as name2_0_1_, category1_.parent_id as parent_i3_0_1_ from category_item categories0_ inner join category category1_ on categories0_.category_id=category1_.category_id where categories0_.item_id=3;
2023-12-01 13:03:22.196 DEBUG 65078 --- [    Test worker] org.hibernate.SQL                        : 
    update
        item 
    set
        name=?,
        price=?,
        stock_quantity=?,
        author=?,
        isbn=? 
    where
        item_id=?
2023-12-01 13:03:22.196 TRACE 65078 --- [    Test worker] o.h.type.descriptor.sql.BasicBinder      : binding parameter [1] as [VARCHAR] - [jpa33]
2023-12-01 13:03:22.196 TRACE 65078 --- [    Test worker] o.h.type.descriptor.sql.BasicBinder      : binding parameter [2] as [INTEGER] - [null]
2023-12-01 13:03:22.196 TRACE 65078 --- [    Test worker] o.h.type.descriptor.sql.BasicBinder      : binding parameter [3] as [INTEGER] - [0]
2023-12-01 13:03:22.196 TRACE 65078 --- [    Test worker] o.h.type.descriptor.sql.BasicBinder      : binding parameter [4] as [VARCHAR] - [null]
2023-12-01 13:03:22.196 TRACE 65078 --- [    Test worker] o.h.type.descriptor.sql.BasicBinder      : binding parameter [5] as [VARCHAR] - [null]
2023-12-01 13:03:22.196 TRACE 65078 --- [    Test worker] o.h.type.descriptor.sql.BasicBinder      : binding parameter [6] as [BIGINT] - [3]
2023-12-01 13:03:22.197  INFO 65078 --- [    Test worker] p6spy                                    : #1701403402197 | took 0ms | statement | connection 19| url jdbc:mysql://localhost:3306/jpa
update item set name=?, price=?, stock_quantity=?, author=?, isbn=? where item_id=?
update item set name='jpa33', price=NULL, stock_quantity=0, author=NULL, isbn=NULL where item_id=3;
2023-12-01 13:03:22.198  INFO 65078 --- [    Test worker] p6spy                                    : #1701403402198 | took 0ms | commit | connection 19| url jdbc:mysql://localhost:3306/jpa

;
2023-12-01 13:03:22.198  INFO 65078 --- [    Test worker] o.s.t.c.transaction.TransactionContext   : Committed transaction for test: [DefaultTestContext@51179fad testClass = ItemUpdateTest, testInstance = jpabook.jpashop.service.ItemUpdateTest@7510824, testMethod = 업데이트_병합@ItemUpdateTest, testException = [null], mergedContextConfiguration = [WebMergedContextConfiguration@30fffb53 testClass = ItemUpdateTest, locations = '{}', classes = '{class jpabook.jpashop.JpashopApplication}', contextInitializerClasses = '[]', activeProfiles = '{}', propertySourceLocations = '{}', propertySourceProperties = '{org.springframework.boot.test.context.SpringBootTestContextBootstrapper=true}', contextCustomizers = set[org.springframework.boot.test.autoconfigure.actuate.metrics.MetricsExportContextCustomizerFactory$DisableMetricExportContextCustomizer@7b205dbd, org.springframework.boot.test.autoconfigure.properties.PropertyMappingContextCustomizer@0, org.springframework.boot.test.autoconfigure.web.servlet.WebDriverContextCustomizerFactory$Customizer@3b7d3a38, org.springframework.boot.test.context.filter.ExcludeFilterContextCustomizer@2bb3058, org.springframework.boot.test.json.DuplicateJsonObjectContextCustomizerFactory$DuplicateJsonObjectContextCustomizer@4ae9cfc1, org.springframework.boot.test.mock.mockito.MockitoContextCustomizer@0, org.springframework.boot.test.web.client.TestRestTemplateContextCustomizer@3b96c42e, org.springframework.boot.test.context.SpringBootTestArgs@1, org.springframework.boot.test.context.SpringBootTestWebEnvironment@175b9425], resourceBasePath = 'src/main/webapp', contextLoader = 'org.springframework.boot.test.context.SpringBootContextLoader', parent = [null]], attributes = map['org.springframework.test.context.web.ServletTestExecutionListener.activateListener' -> true, 'org.springframework.test.context.web.ServletTestExecutionListener.populatedRequestContextHolder' -> true, 'org.springframework.test.context.web.ServletTestExecutionListener.resetRequestContextHolder' -> true, 'org.springframework.test.context.event.ApplicationEventsTestExecutionListener.recordApplicationEvents' -> false]]
]]></system-out>
  <system-err><![CDATA[]]></system-err>
</testsuite>
