<?xml version="1.0" encoding="UTF-8"?>
<testsuite name="jpabook.jpashop.JpashopApplicationTests" tests="1" skipped="0" failures="0" errors="0" timestamp="2023-12-01T04:03:22" hostname="MacBook-Pro.local" time="0.058">
  <properties/>
  <testcase name="contextLoads()" classname="jpabook.jpashop.JpashopApplicationTests" time="0.058"/>
  <system-out><![CDATA[13:03:20.200 [Test worker] DEBUG org.springframework.test.context.BootstrapUtils - Instantiating CacheAwareContextLoaderDelegate from class [org.springframework.test.context.cache.DefaultCacheAwareContextLoaderDelegate]
13:03:20.204 [Test worker] DEBUG org.springframework.test.context.BootstrapUtils - Instantiating BootstrapContext using constructor [public org.springframework.test.context.support.DefaultBootstrapContext(java.lang.Class,org.springframework.test.context.CacheAwareContextLoaderDelegate)]
13:03:20.216 [Test worker] DEBUG org.springframework.test.context.BootstrapUtils - Instantiating TestContextBootstrapper for test class [jpabook.jpashop.JpashopApplicationTests] from class [org.springframework.boot.test.context.SpringBootTestContextBootstrapper]
13:03:20.219 [Test worker] INFO org.springframework.boot.test.context.SpringBootTestContextBootstrapper - Neither @ContextConfiguration nor @ContextHierarchy found for test class [jpabook.jpashop.JpashopApplicationTests], using SpringBootContextLoader
13:03:20.220 [Test worker] DEBUG org.springframework.test.context.support.AbstractContextLoader - Did not detect default resource location for test class [jpabook.jpashop.JpashopApplicationTests]: class path resource [jpabook/jpashop/JpashopApplicationTests-context.xml] does not exist
13:03:20.220 [Test worker] DEBUG org.springframework.test.context.support.AbstractContextLoader - Did not detect default resource location for test class [jpabook.jpashop.JpashopApplicationTests]: class path resource [jpabook/jpashop/JpashopApplicationTestsContext.groovy] does not exist
13:03:20.220 [Test worker] INFO org.springframework.test.context.support.AbstractContextLoader - Could not detect default resource locations for test class [jpabook.jpashop.JpashopApplicationTests]: no resource found for suffixes {-context.xml, Context.groovy}.
13:03:20.220 [Test worker] INFO org.springframework.test.context.support.AnnotationConfigContextLoaderUtils - Could not detect default configuration classes for test class [jpabook.jpashop.JpashopApplicationTests]: JpashopApplicationTests does not declare any static, non-private, non-final, nested classes annotated with @Configuration.
13:03:20.233 [Test worker] DEBUG org.springframework.test.context.support.ActiveProfilesUtils - Could not find an 'annotation declaring class' for annotation type [org.springframework.test.context.ActiveProfiles] and class [jpabook.jpashop.JpashopApplicationTests]
13:03:20.256 [Test worker] DEBUG org.springframework.context.annotation.ClassPathScanningCandidateComponentProvider - Identified candidate component class: file [/Users/imchaewon/git/study/jpashop/build/classes/java/main/jpabook/jpashop/JpashopApplication.class]
13:03:20.257 [Test worker] INFO org.springframework.boot.test.context.SpringBootTestContextBootstrapper - Found @SpringBootConfiguration jpabook.jpashop.JpashopApplication for test class jpabook.jpashop.JpashopApplicationTests
13:03:20.286 [Test worker] DEBUG org.springframework.boot.test.context.SpringBootTestContextBootstrapper - @TestExecutionListeners is not present for class [jpabook.jpashop.JpashopApplicationTests]: using defaults.
13:03:20.286 [Test worker] INFO org.springframework.boot.test.context.SpringBootTestContextBootstrapper - Loaded default TestExecutionListener class names from location [META-INF/spring.factories]: [org.springframework.boot.test.autoconfigure.restdocs.RestDocsTestExecutionListener, org.springframework.boot.test.autoconfigure.web.client.MockRestServiceServerResetTestExecutionListener, org.springframework.boot.test.autoconfigure.web.servlet.MockMvcPrintOnlyOnFailureTestExecutionListener, org.springframework.boot.test.autoconfigure.web.servlet.WebDriverTestExecutionListener, org.springframework.boot.test.autoconfigure.webservices.client.MockWebServiceServerTestExecutionListener, org.springframework.boot.test.mock.mockito.MockitoTestExecutionListener, org.springframework.boot.test.mock.mockito.ResetMocksTestExecutionListener, org.springframework.test.context.web.ServletTestExecutionListener, org.springframework.test.context.support.DirtiesContextBeforeModesTestExecutionListener, org.springframework.test.context.event.ApplicationEventsTestExecutionListener, org.springframework.test.context.support.DependencyInjectionTestExecutionListener, org.springframework.test.context.support.DirtiesContextTestExecutionListener, org.springframework.test.context.transaction.TransactionalTestExecutionListener, org.springframework.test.context.jdbc.SqlScriptsTestExecutionListener, org.springframework.test.context.event.EventPublishingTestExecutionListener]
13:03:20.292 [Test worker] INFO org.springframework.boot.test.context.SpringBootTestContextBootstrapper - Using TestExecutionListeners: [org.springframework.test.context.web.ServletTestExecutionListener@22d6f11, org.springframework.test.context.support.DirtiesContextBeforeModesTestExecutionListener@30990c1b, org.springframework.test.context.event.ApplicationEventsTestExecutionListener@2453f95d, org.springframework.boot.test.mock.mockito.MockitoTestExecutionListener@44828f6b, org.springframework.boot.test.autoconfigure.SpringBootDependencyInjectionTestExecutionListener@2dbe250d, org.springframework.test.context.support.DirtiesContextTestExecutionListener@553f1d75, org.springframework.test.context.transaction.TransactionalTestExecutionListener@6e1d8f9e, org.springframework.test.context.jdbc.SqlScriptsTestExecutionListener@3e34ace1, org.springframework.test.context.event.EventPublishingTestExecutionListener@62fe6067, org.springframework.boot.test.autoconfigure.restdocs.RestDocsTestExecutionListener@4f071df8, org.springframework.boot.test.autoconfigure.web.client.MockRestServiceServerResetTestExecutionListener@4de41af9, org.springframework.boot.test.autoconfigure.web.servlet.MockMvcPrintOnlyOnFailureTestExecutionListener@56ace400, org.springframework.boot.test.autoconfigure.web.servlet.WebDriverTestExecutionListener@47404bea, org.springframework.boot.test.autoconfigure.webservices.client.MockWebServiceServerTestExecutionListener@305f7627, org.springframework.boot.test.mock.mockito.ResetMocksTestExecutionListener@5d018107]
13:03:20.293 [Test worker] DEBUG org.springframework.test.context.support.AbstractDirtiesContextTestExecutionListener - Before test class: context [DefaultTestContext@54227100 testClass = JpashopApplicationTests, testInstance = [null], testMethod = [null], testException = [null], mergedContextConfiguration = [WebMergedContextConfiguration@6b5894c8 testClass = JpashopApplicationTests, locations = '{}', classes = '{class jpabook.jpashop.JpashopApplication}', contextInitializerClasses = '[]', activeProfiles = '{}', propertySourceLocations = '{}', propertySourceProperties = '{org.springframework.boot.test.context.SpringBootTestContextBootstrapper=true}', contextCustomizers = set[org.springframework.boot.test.autoconfigure.actuate.metrics.MetricsExportContextCustomizerFactory$DisableMetricExportContextCustomizer@7b205dbd, org.springframework.boot.test.autoconfigure.properties.PropertyMappingContextCustomizer@0, org.springframework.boot.test.autoconfigure.web.servlet.WebDriverContextCustomizerFactory$Customizer@3b7d3a38, org.springframework.boot.test.context.filter.ExcludeFilterContextCustomizer@2bb3058, org.springframework.boot.test.json.DuplicateJsonObjectContextCustomizerFactory$DuplicateJsonObjectContextCustomizer@4ae9cfc1, org.springframework.boot.test.mock.mockito.MockitoContextCustomizer@0, org.springframework.boot.test.web.client.TestRestTemplateContextCustomizer@3b96c42e, org.springframework.boot.test.context.SpringBootTestArgs@1, org.springframework.boot.test.context.SpringBootTestWebEnvironment@175b9425], resourceBasePath = 'src/main/webapp', contextLoader = 'org.springframework.boot.test.context.SpringBootContextLoader', parent = [null]], attributes = map['org.springframework.test.context.web.ServletTestExecutionListener.activateListener' -> true]], class annotated with @DirtiesContext [false] with mode [null].

  .   ____          _            __ _ _
 /\\ / ___'_ __ _ _(_)_ __  __ _ \ \ \ \
( ( )\___ | '_ | '_| | '_ \/ _` | \ \ \ \
 \\/  ___)| |_)| | | | | || (_| |  ) ) ) )
  '  |____| .__|_| |_|_| |_\__, | / / / /
 =========|_|==============|___/=/_/_/_/
 :: Spring Boot ::               (v2.7.15)

2023-12-01 13:03:20.429  INFO 65078 --- [    Test worker] jpabook.jpashop.JpashopApplicationTests  : Starting JpashopApplicationTests using Java 18.0.2 on MacBook-Pro.local with PID 65078 (started by imchaewon in /Users/imchaewon/git/study/jpashop)
2023-12-01 13:03:20.430  INFO 65078 --- [    Test worker] jpabook.jpashop.JpashopApplicationTests  : No active profile set, falling back to 1 default profile: "default"
2023-12-01 13:03:20.649  INFO 65078 --- [    Test worker] .s.d.r.c.RepositoryConfigurationDelegate : Bootstrapping Spring Data JPA repositories in DEFAULT mode.
2023-12-01 13:03:20.672  INFO 65078 --- [    Test worker] .s.d.r.c.RepositoryConfigurationDelegate : Finished Spring Data repository scanning in 20 ms. Found 1 JPA repository interfaces.
2023-12-01 13:03:20.916  INFO 65078 --- [    Test worker] o.hibernate.jpa.internal.util.LogHelper  : HHH000204: Processing PersistenceUnitInfo [name: default]
2023-12-01 13:03:20.931  INFO 65078 --- [    Test worker] org.hibernate.Version                    : HHH000412: Hibernate ORM core version 5.6.15.Final
2023-12-01 13:03:20.984  INFO 65078 --- [    Test worker] o.hibernate.annotations.common.Version   : HCANN000001: Hibernate Commons Annotations {5.1.2.Final}
2023-12-01 13:03:20.992 DEBUG 65078 --- [    Test worker] org.hibernate.type.BasicTypeRegistry     : Adding type registration boolean -> org.hibernate.type.BooleanType@2baac4a7
2023-12-01 13:03:20.992 DEBUG 65078 --- [    Test worker] org.hibernate.type.BasicTypeRegistry     : Adding type registration boolean -> org.hibernate.type.BooleanType@2baac4a7
2023-12-01 13:03:20.992 DEBUG 65078 --- [    Test worker] org.hibernate.type.BasicTypeRegistry     : Adding type registration java.lang.Boolean -> org.hibernate.type.BooleanType@2baac4a7
2023-12-01 13:03:20.993 DEBUG 65078 --- [    Test worker] org.hibernate.type.BasicTypeRegistry     : Adding type registration numeric_boolean -> org.hibernate.type.NumericBooleanType@5882b202
2023-12-01 13:03:20.993 DEBUG 65078 --- [    Test worker] org.hibernate.type.BasicTypeRegistry     : Adding type registration true_false -> org.hibernate.type.TrueFalseType@65f3e805
2023-12-01 13:03:20.993 DEBUG 65078 --- [    Test worker] org.hibernate.type.BasicTypeRegistry     : Adding type registration yes_no -> org.hibernate.type.YesNoType@20a3e10c
2023-12-01 13:03:20.993 DEBUG 65078 --- [    Test worker] org.hibernate.type.BasicTypeRegistry     : Adding type registration byte -> org.hibernate.type.ByteType@5e99e2cb
2023-12-01 13:03:20.993 DEBUG 65078 --- [    Test worker] org.hibernate.type.BasicTypeRegistry     : Adding type registration byte -> org.hibernate.type.ByteType@5e99e2cb
2023-12-01 13:03:20.993 DEBUG 65078 --- [    Test worker] org.hibernate.type.BasicTypeRegistry     : Adding type registration java.lang.Byte -> org.hibernate.type.ByteType@5e99e2cb
2023-12-01 13:03:20.994 DEBUG 65078 --- [    Test worker] org.hibernate.type.BasicTypeRegistry     : Adding type registration character -> org.hibernate.type.CharacterType@2c60ce47
2023-12-01 13:03:20.994 DEBUG 65078 --- [    Test worker] org.hibernate.type.BasicTypeRegistry     : Adding type registration char -> org.hibernate.type.CharacterType@2c60ce47
2023-12-01 13:03:20.994 DEBUG 65078 --- [    Test worker] org.hibernate.type.BasicTypeRegistry     : Adding type registration java.lang.Character -> org.hibernate.type.CharacterType@2c60ce47
2023-12-01 13:03:20.994 DEBUG 65078 --- [    Test worker] org.hibernate.type.BasicTypeRegistry     : Adding type registration short -> org.hibernate.type.ShortType@2776fd8f
2023-12-01 13:03:20.994 DEBUG 65078 --- [    Test worker] org.hibernate.type.BasicTypeRegistry     : Adding type registration short -> org.hibernate.type.ShortType@2776fd8f
2023-12-01 13:03:20.994 DEBUG 65078 --- [    Test worker] org.hibernate.type.BasicTypeRegistry     : Adding type registration java.lang.Short -> org.hibernate.type.ShortType@2776fd8f
2023-12-01 13:03:20.994 DEBUG 65078 --- [    Test worker] org.hibernate.type.BasicTypeRegistry     : Adding type registration integer -> org.hibernate.type.IntegerType@4a1dda83
2023-12-01 13:03:20.994 DEBUG 65078 --- [    Test worker] org.hibernate.type.BasicTypeRegistry     : Adding type registration int -> org.hibernate.type.IntegerType@4a1dda83
2023-12-01 13:03:20.994 DEBUG 65078 --- [    Test worker] org.hibernate.type.BasicTypeRegistry     : Adding type registration java.lang.Integer -> org.hibernate.type.IntegerType@4a1dda83
2023-12-01 13:03:20.995 DEBUG 65078 --- [    Test worker] org.hibernate.type.BasicTypeRegistry     : Adding type registration long -> org.hibernate.type.LongType@18c880ea
2023-12-01 13:03:20.995 DEBUG 65078 --- [    Test worker] org.hibernate.type.BasicTypeRegistry     : Adding type registration long -> org.hibernate.type.LongType@18c880ea
2023-12-01 13:03:20.995 DEBUG 65078 --- [    Test worker] org.hibernate.type.BasicTypeRegistry     : Adding type registration java.lang.Long -> org.hibernate.type.LongType@18c880ea
2023-12-01 13:03:20.995 DEBUG 65078 --- [    Test worker] org.hibernate.type.BasicTypeRegistry     : Adding type registration float -> org.hibernate.type.FloatType@1abcd059
2023-12-01 13:03:20.995 DEBUG 65078 --- [    Test worker] org.hibernate.type.BasicTypeRegistry     : Adding type registration float -> org.hibernate.type.FloatType@1abcd059
2023-12-01 13:03:20.995 DEBUG 65078 --- [    Test worker] org.hibernate.type.BasicTypeRegistry     : Adding type registration java.lang.Float -> org.hibernate.type.FloatType@1abcd059
2023-12-01 13:03:20.996 DEBUG 65078 --- [    Test worker] org.hibernate.type.BasicTypeRegistry     : Adding type registration double -> org.hibernate.type.DoubleType@105db94d
2023-12-01 13:03:20.996 DEBUG 65078 --- [    Test worker] org.hibernate.type.BasicTypeRegistry     : Adding type registration double -> org.hibernate.type.DoubleType@105db94d
2023-12-01 13:03:20.996 DEBUG 65078 --- [    Test worker] org.hibernate.type.BasicTypeRegistry     : Adding type registration java.lang.Double -> org.hibernate.type.DoubleType@105db94d
2023-12-01 13:03:20.996 DEBUG 65078 --- [    Test worker] org.hibernate.type.BasicTypeRegistry     : Adding type registration big_decimal -> org.hibernate.type.BigDecimalType@440ef8d
2023-12-01 13:03:20.996 DEBUG 65078 --- [    Test worker] org.hibernate.type.BasicTypeRegistry     : Adding type registration java.math.BigDecimal -> org.hibernate.type.BigDecimalType@440ef8d
2023-12-01 13:03:20.996 DEBUG 65078 --- [    Test worker] org.hibernate.type.BasicTypeRegistry     : Adding type registration big_integer -> org.hibernate.type.BigIntegerType@5e9bf744
2023-12-01 13:03:20.996 DEBUG 65078 --- [    Test worker] org.hibernate.type.BasicTypeRegistry     : Adding type registration java.math.BigInteger -> org.hibernate.type.BigIntegerType@5e9bf744
2023-12-01 13:03:20.997 DEBUG 65078 --- [    Test worker] org.hibernate.type.BasicTypeRegistry     : Adding type registration string -> org.hibernate.type.StringType@2b441e56
2023-12-01 13:03:20.997 DEBUG 65078 --- [    Test worker] org.hibernate.type.BasicTypeRegistry     : Adding type registration java.lang.String -> org.hibernate.type.StringType@2b441e56
2023-12-01 13:03:20.997 DEBUG 65078 --- [    Test worker] org.hibernate.type.BasicTypeRegistry     : Adding type registration nstring -> org.hibernate.type.StringNVarcharType@1a2773a8
2023-12-01 13:03:20.997 DEBUG 65078 --- [    Test worker] org.hibernate.type.BasicTypeRegistry     : Adding type registration ncharacter -> org.hibernate.type.CharacterNCharType@25699aa7
2023-12-01 13:03:20.997 DEBUG 65078 --- [    Test worker] org.hibernate.type.BasicTypeRegistry     : Adding type registration url -> org.hibernate.type.UrlType@4662752a
2023-12-01 13:03:20.997 DEBUG 65078 --- [    Test worker] org.hibernate.type.BasicTypeRegistry     : Adding type registration java.net.URL -> org.hibernate.type.UrlType@4662752a
2023-12-01 13:03:20.998 DEBUG 65078 --- [    Test worker] org.hibernate.type.BasicTypeRegistry     : Adding type registration Duration -> org.hibernate.type.DurationType@799f354a
2023-12-01 13:03:20.998 DEBUG 65078 --- [    Test worker] org.hibernate.type.BasicTypeRegistry     : Adding type registration java.time.Duration -> org.hibernate.type.DurationType@799f354a
2023-12-01 13:03:20.998 DEBUG 65078 --- [    Test worker] org.hibernate.type.BasicTypeRegistry     : Adding type registration Instant -> org.hibernate.type.InstantType@3ace6346
2023-12-01 13:03:20.998 DEBUG 65078 --- [    Test worker] org.hibernate.type.BasicTypeRegistry     : Adding type registration java.time.Instant -> org.hibernate.type.InstantType@3ace6346
2023-12-01 13:03:20.998 DEBUG 65078 --- [    Test worker] org.hibernate.type.BasicTypeRegistry     : Adding type registration LocalDateTime -> org.hibernate.type.LocalDateTimeType@11826398
2023-12-01 13:03:20.998 DEBUG 65078 --- [    Test worker] org.hibernate.type.BasicTypeRegistry     : Adding type registration java.time.LocalDateTime -> org.hibernate.type.LocalDateTimeType@11826398
2023-12-01 13:03:20.998 DEBUG 65078 --- [    Test worker] org.hibernate.type.BasicTypeRegistry     : Adding type registration LocalDate -> org.hibernate.type.LocalDateType@7a572ea0
2023-12-01 13:03:20.998 DEBUG 65078 --- [    Test worker] org.hibernate.type.BasicTypeRegistry     : Adding type registration java.time.LocalDate -> org.hibernate.type.LocalDateType@7a572ea0
2023-12-01 13:03:20.999 DEBUG 65078 --- [    Test worker] org.hibernate.type.BasicTypeRegistry     : Adding type registration LocalTime -> org.hibernate.type.LocalTimeType@63f9ddf9
2023-12-01 13:03:20.999 DEBUG 65078 --- [    Test worker] org.hibernate.type.BasicTypeRegistry     : Adding type registration java.time.LocalTime -> org.hibernate.type.LocalTimeType@63f9ddf9
2023-12-01 13:03:20.999 DEBUG 65078 --- [    Test worker] org.hibernate.type.BasicTypeRegistry     : Adding type registration OffsetDateTime -> org.hibernate.type.OffsetDateTimeType@7caf1e5
2023-12-01 13:03:20.999 DEBUG 65078 --- [    Test worker] org.hibernate.type.BasicTypeRegistry     : Adding type registration java.time.OffsetDateTime -> org.hibernate.type.OffsetDateTimeType@7caf1e5
2023-12-01 13:03:20.999 DEBUG 65078 --- [    Test worker] org.hibernate.type.BasicTypeRegistry     : Adding type registration OffsetTime -> org.hibernate.type.OffsetTimeType@5d9d2119
2023-12-01 13:03:20.999 DEBUG 65078 --- [    Test worker] org.hibernate.type.BasicTypeRegistry     : Adding type registration java.time.OffsetTime -> org.hibernate.type.OffsetTimeType@5d9d2119
2023-12-01 13:03:21.000 DEBUG 65078 --- [    Test worker] org.hibernate.type.BasicTypeRegistry     : Adding type registration ZonedDateTime -> org.hibernate.type.ZonedDateTimeType@2a04ab05
2023-12-01 13:03:21.000 DEBUG 65078 --- [    Test worker] org.hibernate.type.BasicTypeRegistry     : Adding type registration java.time.ZonedDateTime -> org.hibernate.type.ZonedDateTimeType@2a04ab05
2023-12-01 13:03:21.000 DEBUG 65078 --- [    Test worker] org.hibernate.type.BasicTypeRegistry     : Adding type registration date -> org.hibernate.type.DateType@274fdea6
2023-12-01 13:03:21.000 DEBUG 65078 --- [    Test worker] org.hibernate.type.BasicTypeRegistry     : Adding type registration java.sql.Date -> org.hibernate.type.DateType@274fdea6
2023-12-01 13:03:21.000 DEBUG 65078 --- [    Test worker] org.hibernate.type.BasicTypeRegistry     : Adding type registration time -> org.hibernate.type.TimeType@69b3886f
2023-12-01 13:03:21.000 DEBUG 65078 --- [    Test worker] org.hibernate.type.BasicTypeRegistry     : Adding type registration java.sql.Time -> org.hibernate.type.TimeType@69b3886f
2023-12-01 13:03:21.001 DEBUG 65078 --- [    Test worker] org.hibernate.type.BasicTypeRegistry     : Adding type registration timestamp -> org.hibernate.type.TimestampType@1510b9a2
2023-12-01 13:03:21.001 DEBUG 65078 --- [    Test worker] org.hibernate.type.BasicTypeRegistry     : Adding type registration java.sql.Timestamp -> org.hibernate.type.TimestampType@1510b9a2
2023-12-01 13:03:21.001 DEBUG 65078 --- [    Test worker] org.hibernate.type.BasicTypeRegistry     : Adding type registration java.util.Date -> org.hibernate.type.TimestampType@1510b9a2
2023-12-01 13:03:21.001 DEBUG 65078 --- [    Test worker] org.hibernate.type.BasicTypeRegistry     : Adding type registration dbtimestamp -> org.hibernate.type.DbTimestampType@1471b98d
2023-12-01 13:03:21.002 DEBUG 65078 --- [    Test worker] org.hibernate.type.BasicTypeRegistry     : Adding type registration calendar -> org.hibernate.type.CalendarType@1796b2d4
2023-12-01 13:03:21.002 DEBUG 65078 --- [    Test worker] org.hibernate.type.BasicTypeRegistry     : Adding type registration java.util.Calendar -> org.hibernate.type.CalendarType@1796b2d4
2023-12-01 13:03:21.002 DEBUG 65078 --- [    Test worker] org.hibernate.type.BasicTypeRegistry     : Adding type registration java.util.GregorianCalendar -> org.hibernate.type.CalendarType@1796b2d4
2023-12-01 13:03:21.002 DEBUG 65078 --- [    Test worker] org.hibernate.type.BasicTypeRegistry     : Adding type registration calendar_date -> org.hibernate.type.CalendarDateType@589fb74d
2023-12-01 13:03:21.002 DEBUG 65078 --- [    Test worker] org.hibernate.type.BasicTypeRegistry     : Adding type registration calendar_time -> org.hibernate.type.CalendarTimeType@29170a47
2023-12-01 13:03:21.002 DEBUG 65078 --- [    Test worker] org.hibernate.type.BasicTypeRegistry     : Adding type registration locale -> org.hibernate.type.LocaleType@267ff4df
2023-12-01 13:03:21.002 DEBUG 65078 --- [    Test worker] org.hibernate.type.BasicTypeRegistry     : Adding type registration java.util.Locale -> org.hibernate.type.LocaleType@267ff4df
2023-12-01 13:03:21.002 DEBUG 65078 --- [    Test worker] org.hibernate.type.BasicTypeRegistry     : Adding type registration currency -> org.hibernate.type.CurrencyType@1b17d8ab
2023-12-01 13:03:21.002 DEBUG 65078 --- [    Test worker] org.hibernate.type.BasicTypeRegistry     : Adding type registration java.util.Currency -> org.hibernate.type.CurrencyType@1b17d8ab
2023-12-01 13:03:21.003 DEBUG 65078 --- [    Test worker] org.hibernate.type.BasicTypeRegistry     : Adding type registration timezone -> org.hibernate.type.TimeZoneType@28989415
2023-12-01 13:03:21.003 DEBUG 65078 --- [    Test worker] org.hibernate.type.BasicTypeRegistry     : Adding type registration java.util.TimeZone -> org.hibernate.type.TimeZoneType@28989415
2023-12-01 13:03:21.003 DEBUG 65078 --- [    Test worker] org.hibernate.type.BasicTypeRegistry     : Adding type registration class -> org.hibernate.type.ClassType@7282af25
2023-12-01 13:03:21.003 DEBUG 65078 --- [    Test worker] org.hibernate.type.BasicTypeRegistry     : Adding type registration java.lang.Class -> org.hibernate.type.ClassType@7282af25
2023-12-01 13:03:21.003 DEBUG 65078 --- [    Test worker] org.hibernate.type.BasicTypeRegistry     : Adding type registration uuid-binary -> org.hibernate.type.UUIDBinaryType@21dea711
2023-12-01 13:03:21.003 DEBUG 65078 --- [    Test worker] org.hibernate.type.BasicTypeRegistry     : Adding type registration java.util.UUID -> org.hibernate.type.UUIDBinaryType@21dea711
2023-12-01 13:03:21.003 DEBUG 65078 --- [    Test worker] org.hibernate.type.BasicTypeRegistry     : Adding type registration uuid-char -> org.hibernate.type.UUIDCharType@5fb8dc01
2023-12-01 13:03:21.004 DEBUG 65078 --- [    Test worker] org.hibernate.type.BasicTypeRegistry     : Adding type registration binary -> org.hibernate.type.BinaryType@66020d69
2023-12-01 13:03:21.004 DEBUG 65078 --- [    Test worker] org.hibernate.type.BasicTypeRegistry     : Adding type registration byte[] -> org.hibernate.type.BinaryType@66020d69
2023-12-01 13:03:21.004 DEBUG 65078 --- [    Test worker] org.hibernate.type.BasicTypeRegistry     : Adding type registration [B -> org.hibernate.type.BinaryType@66020d69
2023-12-01 13:03:21.004 DEBUG 65078 --- [    Test worker] org.hibernate.type.BasicTypeRegistry     : Adding type registration wrapper-binary -> org.hibernate.type.WrapperBinaryType@55421b8d
2023-12-01 13:03:21.004 DEBUG 65078 --- [    Test worker] org.hibernate.type.BasicTypeRegistry     : Adding type registration Byte[] -> org.hibernate.type.WrapperBinaryType@55421b8d
2023-12-01 13:03:21.004 DEBUG 65078 --- [    Test worker] org.hibernate.type.BasicTypeRegistry     : Adding type registration [Ljava.lang.Byte; -> org.hibernate.type.WrapperBinaryType@55421b8d
2023-12-01 13:03:21.005 DEBUG 65078 --- [    Test worker] org.hibernate.type.BasicTypeRegistry     : Adding type registration row_version -> org.hibernate.type.RowVersionType@13e00016
2023-12-01 13:03:21.005 DEBUG 65078 --- [    Test worker] org.hibernate.type.BasicTypeRegistry     : Adding type registration image -> org.hibernate.type.ImageType@4e4395c
2023-12-01 13:03:21.005 DEBUG 65078 --- [    Test worker] org.hibernate.type.BasicTypeRegistry     : Adding type registration characters -> org.hibernate.type.CharArrayType@727986ad
2023-12-01 13:03:21.005 DEBUG 65078 --- [    Test worker] org.hibernate.type.BasicTypeRegistry     : Adding type registration char[] -> org.hibernate.type.CharArrayType@727986ad
2023-12-01 13:03:21.005 DEBUG 65078 --- [    Test worker] org.hibernate.type.BasicTypeRegistry     : Adding type registration [C -> org.hibernate.type.CharArrayType@727986ad
2023-12-01 13:03:21.005 DEBUG 65078 --- [    Test worker] org.hibernate.type.BasicTypeRegistry     : Adding type registration wrapper-characters -> org.hibernate.type.CharacterArrayType@664db2ca
2023-12-01 13:03:21.005 DEBUG 65078 --- [    Test worker] org.hibernate.type.BasicTypeRegistry     : Adding type registration [Ljava.lang.Character; -> org.hibernate.type.CharacterArrayType@664db2ca
2023-12-01 13:03:21.005 DEBUG 65078 --- [    Test worker] org.hibernate.type.BasicTypeRegistry     : Adding type registration Character[] -> org.hibernate.type.CharacterArrayType@664db2ca
2023-12-01 13:03:21.005 DEBUG 65078 --- [    Test worker] org.hibernate.type.BasicTypeRegistry     : Adding type registration text -> org.hibernate.type.TextType@113dcaf8
2023-12-01 13:03:21.005 DEBUG 65078 --- [    Test worker] org.hibernate.type.BasicTypeRegistry     : Adding type registration ntext -> org.hibernate.type.NTextType@3f866f50
2023-12-01 13:03:21.006 DEBUG 65078 --- [    Test worker] org.hibernate.type.BasicTypeRegistry     : Adding type registration blob -> org.hibernate.type.BlobType@5618fc1f
2023-12-01 13:03:21.006 DEBUG 65078 --- [    Test worker] org.hibernate.type.BasicTypeRegistry     : Adding type registration java.sql.Blob -> org.hibernate.type.BlobType@5618fc1f
2023-12-01 13:03:21.006 DEBUG 65078 --- [    Test worker] org.hibernate.type.BasicTypeRegistry     : Adding type registration materialized_blob -> org.hibernate.type.MaterializedBlobType@52aa7742
2023-12-01 13:03:21.007 DEBUG 65078 --- [    Test worker] org.hibernate.type.BasicTypeRegistry     : Adding type registration clob -> org.hibernate.type.ClobType@7b91d9f
2023-12-01 13:03:21.007 DEBUG 65078 --- [    Test worker] org.hibernate.type.BasicTypeRegistry     : Adding type registration java.sql.Clob -> org.hibernate.type.ClobType@7b91d9f
2023-12-01 13:03:21.007 DEBUG 65078 --- [    Test worker] org.hibernate.type.BasicTypeRegistry     : Adding type registration nclob -> org.hibernate.type.NClobType@5abf6a99
2023-12-01 13:03:21.007 DEBUG 65078 --- [    Test worker] org.hibernate.type.BasicTypeRegistry     : Adding type registration java.sql.NClob -> org.hibernate.type.NClobType@5abf6a99
2023-12-01 13:03:21.008 DEBUG 65078 --- [    Test worker] org.hibernate.type.BasicTypeRegistry     : Adding type registration materialized_clob -> org.hibernate.type.MaterializedClobType@2a136383
2023-12-01 13:03:21.008 DEBUG 65078 --- [    Test worker] org.hibernate.type.BasicTypeRegistry     : Adding type registration materialized_nclob -> org.hibernate.type.MaterializedNClobType@4bbf38b8
2023-12-01 13:03:21.008 DEBUG 65078 --- [    Test worker] org.hibernate.type.BasicTypeRegistry     : Adding type registration serializable -> org.hibernate.type.SerializableType@71bb8b34
2023-12-01 13:03:21.009 DEBUG 65078 --- [    Test worker] org.hibernate.type.BasicTypeRegistry     : Adding type registration object -> org.hibernate.type.ObjectType@5dcf0772
2023-12-01 13:03:21.009 DEBUG 65078 --- [    Test worker] org.hibernate.type.BasicTypeRegistry     : Adding type registration java.lang.Object -> org.hibernate.type.ObjectType@5dcf0772
2023-12-01 13:03:21.009 DEBUG 65078 --- [    Test worker] org.hibernate.type.BasicTypeRegistry     : Adding type registration imm_date -> org.hibernate.type.AdaptedImmutableType@4df7d9ee
2023-12-01 13:03:21.009 DEBUG 65078 --- [    Test worker] org.hibernate.type.BasicTypeRegistry     : Adding type registration imm_time -> org.hibernate.type.AdaptedImmutableType@781dac73
2023-12-01 13:03:21.009 DEBUG 65078 --- [    Test worker] org.hibernate.type.BasicTypeRegistry     : Adding type registration imm_timestamp -> org.hibernate.type.AdaptedImmutableType@3a4e524
2023-12-01 13:03:21.009 DEBUG 65078 --- [    Test worker] org.hibernate.type.BasicTypeRegistry     : Adding type registration imm_dbtimestamp -> org.hibernate.type.AdaptedImmutableType@5e67a490
2023-12-01 13:03:21.009 DEBUG 65078 --- [    Test worker] org.hibernate.type.BasicTypeRegistry     : Adding type registration imm_calendar -> org.hibernate.type.AdaptedImmutableType@2dac2e1b
2023-12-01 13:03:21.009 DEBUG 65078 --- [    Test worker] org.hibernate.type.BasicTypeRegistry     : Adding type registration imm_calendar_date -> org.hibernate.type.AdaptedImmutableType@38c761e9
2023-12-01 13:03:21.009 DEBUG 65078 --- [    Test worker] org.hibernate.type.BasicTypeRegistry     : Adding type registration imm_binary -> org.hibernate.type.AdaptedImmutableType@1cee2e10
2023-12-01 13:03:21.009 DEBUG 65078 --- [    Test worker] org.hibernate.type.BasicTypeRegistry     : Adding type registration imm_serializable -> org.hibernate.type.AdaptedImmutableType@7f4e5a39
2023-12-01 13:03:21.024  INFO 65078 --- [    Test worker] com.zaxxer.hikari.HikariDataSource       : HikariPool-1 - Starting...
2023-12-01 13:03:21.223  INFO 65078 --- [    Test worker] com.zaxxer.hikari.HikariDataSource       : HikariPool-1 - Start completed.
2023-12-01 13:03:21.233  INFO 65078 --- [    Test worker] org.hibernate.dialect.Dialect            : HHH000400: Using dialect: org.hibernate.dialect.MySQL8Dialect
2023-12-01 13:03:21.245 DEBUG 65078 --- [    Test worker] o.h.type.spi.TypeConfiguration$Scope     : Scoping TypeConfiguration [org.hibernate.type.spi.TypeConfiguration@137a4b54] to MetadataBuildingContext [org.hibernate.boot.internal.MetadataBuildingContextRootImpl@7c9372ed]
2023-12-01 13:03:21.358 DEBUG 65078 --- [    Test worker] org.hibernate.type.EnumType              : Using NAMED-based conversion for Enum jpabook.jpashop.domain.DeliveryStatus
2023-12-01 13:03:21.359 DEBUG 65078 --- [    Test worker] org.hibernate.type.EnumType              : Using NAMED-based conversion for Enum jpabook.jpashop.domain.OrderStatus
2023-12-01 13:03:21.359 DEBUG 65078 --- [    Test worker] o.h.type.spi.TypeConfiguration$Scope     : Scoping TypeConfiguration [org.hibernate.type.spi.TypeConfiguration@137a4b54] to SessionFactoryImpl [org.hibernate.internal.SessionFactoryImpl@19c1f6f4]
2023-12-01 13:03:21.586  INFO 65078 --- [    Test worker] p6spy                                    : #1701403401586 | took 3ms | statement | connection 1| url jdbc:mysql://localhost:3306/jpa
select * from `jpa`.`category` where 1=0
select * from `jpa`.`category` where 1=0;
2023-12-01 13:03:21.593  INFO 65078 --- [    Test worker] p6spy                                    : #1701403401593 | took 0ms | statement | connection 1| url jdbc:mysql://localhost:3306/jpa
select * from `jpa`.`category` where 1=0
select * from `jpa`.`category` where 1=0;
2023-12-01 13:03:21.596  INFO 65078 --- [    Test worker] p6spy                                    : #1701403401596 | took 1ms | statement | connection 1| url jdbc:mysql://localhost:3306/jpa
select * from `jpa`.`item` where 1=0
select * from `jpa`.`item` where 1=0;
2023-12-01 13:03:21.600  INFO 65078 --- [    Test worker] p6spy                                    : #1701403401600 | took 0ms | statement | connection 1| url jdbc:mysql://localhost:3306/jpa
select * from `jpa`.`item` where 1=0
select * from `jpa`.`item` where 1=0;
2023-12-01 13:03:21.603  INFO 65078 --- [    Test worker] p6spy                                    : #1701403401603 | took 1ms | statement | connection 1| url jdbc:mysql://localhost:3306/jpa
select * from `jpa`.`orders` where 1=0
select * from `jpa`.`orders` where 1=0;
2023-12-01 13:03:21.607  INFO 65078 --- [    Test worker] p6spy                                    : #1701403401607 | took 0ms | statement | connection 1| url jdbc:mysql://localhost:3306/jpa
select * from `jpa`.`delivery` where 1=0
select * from `jpa`.`delivery` where 1=0;
2023-12-01 13:03:21.608  INFO 65078 --- [    Test worker] p6spy                                    : #1701403401608 | took 0ms | statement | connection 1| url jdbc:mysql://localhost:3306/jpa
select * from `jpa`.`member` where 1=0
select * from `jpa`.`member` where 1=0;
2023-12-01 13:03:21.609  INFO 65078 --- [    Test worker] o.h.e.t.j.p.i.JtaPlatformInitiator       : HHH000490: Using JtaPlatform implementation: [org.hibernate.engine.transaction.jta.platform.internal.NoJtaPlatform]
2023-12-01 13:03:21.612 TRACE 65078 --- [    Test worker] o.h.type.spi.TypeConfiguration$Scope     : Handling #sessionFactoryCreated from [org.hibernate.internal.SessionFactoryImpl@19c1f6f4] for TypeConfiguration
2023-12-01 13:03:21.612  INFO 65078 --- [    Test worker] j.LocalContainerEntityManagerFactoryBean : Initialized JPA EntityManagerFactory for persistence unit 'default'
2023-12-01 13:03:21.664 DEBUG 65078 --- [    Test worker] org.hibernate.SQL                        : 
    select
        next_val as id_val 
    from
        hibernate_sequence for update
            
2023-12-01 13:03:21.666  INFO 65078 --- [    Test worker] p6spy                                    : #1701403401666 | took 1ms | statement | connection 3| url jdbc:mysql://localhost:3306/jpa
select next_val as id_val from hibernate_sequence for update
select next_val as id_val from hibernate_sequence for update;
2023-12-01 13:03:21.666 DEBUG 65078 --- [    Test worker] org.hibernate.SQL                        : 
    update
        hibernate_sequence 
    set
        next_val= ? 
    where
        next_val=?
2023-12-01 13:03:21.668  INFO 65078 --- [    Test worker] p6spy                                    : #1701403401668 | took 2ms | statement | connection 3| url jdbc:mysql://localhost:3306/jpa
update hibernate_sequence set next_val= ? where next_val=?
update hibernate_sequence set next_val= 16 where next_val=15;
2023-12-01 13:03:21.671  INFO 65078 --- [    Test worker] p6spy                                    : #1701403401671 | took 2ms | commit | connection 3| url jdbc:mysql://localhost:3306/jpa

;
2023-12-01 13:03:21.677 DEBUG 65078 --- [    Test worker] org.hibernate.SQL                        : 
    select
        next_val as id_val 
    from
        hibernate_sequence for update
            
2023-12-01 13:03:21.678  INFO 65078 --- [    Test worker] p6spy                                    : #1701403401678 | took 0ms | statement | connection 4| url jdbc:mysql://localhost:3306/jpa
select next_val as id_val from hibernate_sequence for update
select next_val as id_val from hibernate_sequence for update;
2023-12-01 13:03:21.678 DEBUG 65078 --- [    Test worker] org.hibernate.SQL                        : 
    update
        hibernate_sequence 
    set
        next_val= ? 
    where
        next_val=?
2023-12-01 13:03:21.679  INFO 65078 --- [    Test worker] p6spy                                    : #1701403401679 | took 0ms | statement | connection 4| url jdbc:mysql://localhost:3306/jpa
update hibernate_sequence set next_val= ? where next_val=?
update hibernate_sequence set next_val= 17 where next_val=16;
2023-12-01 13:03:21.679  INFO 65078 --- [    Test worker] p6spy                                    : #1701403401679 | took 0ms | commit | connection 4| url jdbc:mysql://localhost:3306/jpa

;
2023-12-01 13:03:21.680 DEBUG 65078 --- [    Test worker] org.hibernate.SQL                        : 
    select
        next_val as id_val 
    from
        hibernate_sequence for update
            
2023-12-01 13:03:21.680  INFO 65078 --- [    Test worker] p6spy                                    : #1701403401680 | took 0ms | statement | connection 5| url jdbc:mysql://localhost:3306/jpa
select next_val as id_val from hibernate_sequence for update
select next_val as id_val from hibernate_sequence for update;
2023-12-01 13:03:21.680 DEBUG 65078 --- [    Test worker] org.hibernate.SQL                        : 
    update
        hibernate_sequence 
    set
        next_val= ? 
    where
        next_val=?
2023-12-01 13:03:21.681  INFO 65078 --- [    Test worker] p6spy                                    : #1701403401681 | took 0ms | statement | connection 5| url jdbc:mysql://localhost:3306/jpa
update hibernate_sequence set next_val= ? where next_val=?
update hibernate_sequence set next_val= 18 where next_val=17;
2023-12-01 13:03:21.681  INFO 65078 --- [    Test worker] p6spy                                    : #1701403401681 | took 0ms | commit | connection 5| url jdbc:mysql://localhost:3306/jpa

;
2023-12-01 13:03:21.683 DEBUG 65078 --- [    Test worker] org.hibernate.SQL                        : 
    select
        next_val as id_val 
    from
        hibernate_sequence for update
            
2023-12-01 13:03:21.684  INFO 65078 --- [    Test worker] p6spy                                    : #1701403401684 | took 0ms | statement | connection 6| url jdbc:mysql://localhost:3306/jpa
select next_val as id_val from hibernate_sequence for update
select next_val as id_val from hibernate_sequence for update;
2023-12-01 13:03:21.684 DEBUG 65078 --- [    Test worker] org.hibernate.SQL                        : 
    update
        hibernate_sequence 
    set
        next_val= ? 
    where
        next_val=?
2023-12-01 13:03:21.684  INFO 65078 --- [    Test worker] p6spy                                    : #1701403401684 | took 0ms | statement | connection 6| url jdbc:mysql://localhost:3306/jpa
update hibernate_sequence set next_val= ? where next_val=?
update hibernate_sequence set next_val= 19 where next_val=18;
2023-12-01 13:03:21.685  INFO 65078 --- [    Test worker] p6spy                                    : #1701403401685 | took 0ms | commit | connection 6| url jdbc:mysql://localhost:3306/jpa

;
2023-12-01 13:03:21.685 DEBUG 65078 --- [    Test worker] org.hibernate.SQL                        : 
    select
        next_val as id_val 
    from
        hibernate_sequence for update
            
2023-12-01 13:03:21.686  INFO 65078 --- [    Test worker] p6spy                                    : #1701403401686 | took 0ms | statement | connection 7| url jdbc:mysql://localhost:3306/jpa
select next_val as id_val from hibernate_sequence for update
select next_val as id_val from hibernate_sequence for update;
2023-12-01 13:03:21.686 DEBUG 65078 --- [    Test worker] org.hibernate.SQL                        : 
    update
        hibernate_sequence 
    set
        next_val= ? 
    where
        next_val=?
2023-12-01 13:03:21.686  INFO 65078 --- [    Test worker] p6spy                                    : #1701403401686 | took 0ms | statement | connection 7| url jdbc:mysql://localhost:3306/jpa
update hibernate_sequence set next_val= ? where next_val=?
update hibernate_sequence set next_val= 20 where next_val=19;
2023-12-01 13:03:21.687  INFO 65078 --- [    Test worker] p6spy                                    : #1701403401687 | took 0ms | commit | connection 7| url jdbc:mysql://localhost:3306/jpa

;
2023-12-01 13:03:21.688 DEBUG 65078 --- [    Test worker] org.hibernate.SQL                        : 
    select
        next_val as id_val 
    from
        hibernate_sequence for update
            
2023-12-01 13:03:21.688  INFO 65078 --- [    Test worker] p6spy                                    : #1701403401688 | took 0ms | statement | connection 8| url jdbc:mysql://localhost:3306/jpa
select next_val as id_val from hibernate_sequence for update
select next_val as id_val from hibernate_sequence for update;
2023-12-01 13:03:21.688 DEBUG 65078 --- [    Test worker] org.hibernate.SQL                        : 
    update
        hibernate_sequence 
    set
        next_val= ? 
    where
        next_val=?
2023-12-01 13:03:21.689  INFO 65078 --- [    Test worker] p6spy                                    : #1701403401689 | took 0ms | statement | connection 8| url jdbc:mysql://localhost:3306/jpa
update hibernate_sequence set next_val= ? where next_val=?
update hibernate_sequence set next_val= 21 where next_val=20;
2023-12-01 13:03:21.689  INFO 65078 --- [    Test worker] p6spy                                    : #1701403401689 | took 0ms | commit | connection 8| url jdbc:mysql://localhost:3306/jpa

;
2023-12-01 13:03:21.689 DEBUG 65078 --- [    Test worker] org.hibernate.SQL                        : 
    select
        next_val as id_val 
    from
        hibernate_sequence for update
            
2023-12-01 13:03:21.690  INFO 65078 --- [    Test worker] p6spy                                    : #1701403401690 | took 0ms | statement | connection 9| url jdbc:mysql://localhost:3306/jpa
select next_val as id_val from hibernate_sequence for update
select next_val as id_val from hibernate_sequence for update;
2023-12-01 13:03:21.690 DEBUG 65078 --- [    Test worker] org.hibernate.SQL                        : 
    update
        hibernate_sequence 
    set
        next_val= ? 
    where
        next_val=?
2023-12-01 13:03:21.690  INFO 65078 --- [    Test worker] p6spy                                    : #1701403401690 | took 0ms | statement | connection 9| url jdbc:mysql://localhost:3306/jpa
update hibernate_sequence set next_val= ? where next_val=?
update hibernate_sequence set next_val= 22 where next_val=21;
2023-12-01 13:03:21.690  INFO 65078 --- [    Test worker] p6spy                                    : #1701403401690 | took 0ms | commit | connection 9| url jdbc:mysql://localhost:3306/jpa

;
2023-12-01 13:03:21.699 DEBUG 65078 --- [    Test worker] org.hibernate.SQL                        : 
    insert 
    into
        member
        (city, street, zipcode, name, member_id) 
    values
        (?, ?, ?, ?, ?)
2023-12-01 13:03:21.700 TRACE 65078 --- [    Test worker] o.h.type.descriptor.sql.BasicBinder      : binding parameter [1] as [VARCHAR] - [서울]
2023-12-01 13:03:21.700 TRACE 65078 --- [    Test worker] o.h.type.descriptor.sql.BasicBinder      : binding parameter [2] as [VARCHAR] - [1]
2023-12-01 13:03:21.700 TRACE 65078 --- [    Test worker] o.h.type.descriptor.sql.BasicBinder      : binding parameter [3] as [VARCHAR] - [11111]
2023-12-01 13:03:21.700 TRACE 65078 --- [    Test worker] o.h.type.descriptor.sql.BasicBinder      : binding parameter [4] as [VARCHAR] - [userA]
2023-12-01 13:03:21.700 TRACE 65078 --- [    Test worker] o.h.type.descriptor.sql.BasicBinder      : binding parameter [5] as [BIGINT] - [15]
2023-12-01 13:03:21.702  INFO 65078 --- [    Test worker] p6spy                                    : #1701403401702 | took 1ms | statement | connection 2| url jdbc:mysql://localhost:3306/jpa
insert into member (city, street, zipcode, name, member_id) values (?, ?, ?, ?, ?)
insert into member (city, street, zipcode, name, member_id) values ('서울', '1', '11111', 'userA', 15);
2023-12-01 13:03:21.703 DEBUG 65078 --- [    Test worker] org.hibernate.SQL                        : 
    insert 
    into
        item
        (name, price, stock_quantity, author, isbn, dtype, item_id) 
    values
        (?, ?, ?, ?, ?, 'B', ?)
2023-12-01 13:03:21.703 TRACE 65078 --- [    Test worker] o.h.type.descriptor.sql.BasicBinder      : binding parameter [1] as [VARCHAR] - [JPA1 BOOK]
2023-12-01 13:03:21.703 TRACE 65078 --- [    Test worker] o.h.type.descriptor.sql.BasicBinder      : binding parameter [2] as [INTEGER] - [10000]
2023-12-01 13:03:21.703 TRACE 65078 --- [    Test worker] o.h.type.descriptor.sql.BasicBinder      : binding parameter [3] as [INTEGER] - [100]
2023-12-01 13:03:21.703 TRACE 65078 --- [    Test worker] o.h.type.descriptor.sql.BasicBinder      : binding parameter [4] as [VARCHAR] - [null]
2023-12-01 13:03:21.703 TRACE 65078 --- [    Test worker] o.h.type.descriptor.sql.BasicBinder      : binding parameter [5] as [VARCHAR] - [null]
2023-12-01 13:03:21.703 TRACE 65078 --- [    Test worker] o.h.type.descriptor.sql.BasicBinder      : binding parameter [6] as [BIGINT] - [16]
2023-12-01 13:03:21.704  INFO 65078 --- [    Test worker] p6spy                                    : #1701403401704 | took 0ms | statement | connection 2| url jdbc:mysql://localhost:3306/jpa
insert into item (name, price, stock_quantity, author, isbn, dtype, item_id) values (?, ?, ?, ?, ?, 'B', ?)
insert into item (name, price, stock_quantity, author, isbn, dtype, item_id) values ('JPA1 BOOK', 10000, 100, NULL, NULL, 'B', 16);
2023-12-01 13:03:21.704 DEBUG 65078 --- [    Test worker] org.hibernate.SQL                        : 
    insert 
    into
        item
        (name, price, stock_quantity, author, isbn, dtype, item_id) 
    values
        (?, ?, ?, ?, ?, 'B', ?)
2023-12-01 13:03:21.704 TRACE 65078 --- [    Test worker] o.h.type.descriptor.sql.BasicBinder      : binding parameter [1] as [VARCHAR] - [JPA2 BOOK]
2023-12-01 13:03:21.704 TRACE 65078 --- [    Test worker] o.h.type.descriptor.sql.BasicBinder      : binding parameter [2] as [INTEGER] - [20000]
2023-12-01 13:03:21.704 TRACE 65078 --- [    Test worker] o.h.type.descriptor.sql.BasicBinder      : binding parameter [3] as [INTEGER] - [100]
2023-12-01 13:03:21.704 TRACE 65078 --- [    Test worker] o.h.type.descriptor.sql.BasicBinder      : binding parameter [4] as [VARCHAR] - [null]
2023-12-01 13:03:21.704 TRACE 65078 --- [    Test worker] o.h.type.descriptor.sql.BasicBinder      : binding parameter [5] as [VARCHAR] - [null]
2023-12-01 13:03:21.704 TRACE 65078 --- [    Test worker] o.h.type.descriptor.sql.BasicBinder      : binding parameter [6] as [BIGINT] - [17]
2023-12-01 13:03:21.704  INFO 65078 --- [    Test worker] p6spy                                    : #1701403401704 | took 0ms | statement | connection 2| url jdbc:mysql://localhost:3306/jpa
insert into item (name, price, stock_quantity, author, isbn, dtype, item_id) values (?, ?, ?, ?, ?, 'B', ?)
insert into item (name, price, stock_quantity, author, isbn, dtype, item_id) values ('JPA2 BOOK', 20000, 100, NULL, NULL, 'B', 17);
2023-12-01 13:03:21.705 DEBUG 65078 --- [    Test worker] org.hibernate.SQL                        : 
    insert 
    into
        delivery
        (city, street, zipcode, status, delivery_id) 
    values
        (?, ?, ?, ?, ?)
2023-12-01 13:03:21.705 TRACE 65078 --- [    Test worker] o.h.type.descriptor.sql.BasicBinder      : binding parameter [1] as [VARCHAR] - [서울]
2023-12-01 13:03:21.705 TRACE 65078 --- [    Test worker] o.h.type.descriptor.sql.BasicBinder      : binding parameter [2] as [VARCHAR] - [1]
2023-12-01 13:03:21.705 TRACE 65078 --- [    Test worker] o.h.type.descriptor.sql.BasicBinder      : binding parameter [3] as [VARCHAR] - [11111]
2023-12-01 13:03:21.705 TRACE 65078 --- [    Test worker] o.h.type.descriptor.sql.BasicBinder      : binding parameter [4] as [VARCHAR] - [null]
2023-12-01 13:03:21.705 TRACE 65078 --- [    Test worker] o.h.type.descriptor.sql.BasicBinder      : binding parameter [5] as [BIGINT] - [19]
2023-12-01 13:03:21.705  INFO 65078 --- [    Test worker] p6spy                                    : #1701403401705 | took 0ms | statement | connection 2| url jdbc:mysql://localhost:3306/jpa
insert into delivery (city, street, zipcode, status, delivery_id) values (?, ?, ?, ?, ?)
insert into delivery (city, street, zipcode, status, delivery_id) values ('서울', '1', '11111', NULL, 19);
2023-12-01 13:03:21.706 DEBUG 65078 --- [    Test worker] org.hibernate.SQL                        : 
    insert 
    into
        orders
        (delivery_id, member_id, order_date, status, order_id) 
    values
        (?, ?, ?, ?, ?)
2023-12-01 13:03:21.706 TRACE 65078 --- [    Test worker] o.h.type.descriptor.sql.BasicBinder      : binding parameter [1] as [BIGINT] - [19]
2023-12-01 13:03:21.706 TRACE 65078 --- [    Test worker] o.h.type.descriptor.sql.BasicBinder      : binding parameter [2] as [BIGINT] - [15]
2023-12-01 13:03:21.706 TRACE 65078 --- [    Test worker] o.h.type.descriptor.sql.BasicBinder      : binding parameter [3] as [TIMESTAMP] - [2023-12-01T13:03:21.683474]
2023-12-01 13:03:21.707 TRACE 65078 --- [    Test worker] o.h.type.descriptor.sql.BasicBinder      : binding parameter [4] as [VARCHAR] - [ORDER]
2023-12-01 13:03:21.707 TRACE 65078 --- [    Test worker] o.h.type.descriptor.sql.BasicBinder      : binding parameter [5] as [BIGINT] - [18]
2023-12-01 13:03:21.709  INFO 65078 --- [    Test worker] p6spy                                    : #1701403401709 | took 0ms | statement | connection 2| url jdbc:mysql://localhost:3306/jpa
insert into orders (delivery_id, member_id, order_date, status, order_id) values (?, ?, ?, ?, ?)
insert into orders (delivery_id, member_id, order_date, status, order_id) values (19, 15, '2023-12-01T13:03:21.683+0900', 'ORDER', 18);
2023-12-01 13:03:21.709 DEBUG 65078 --- [    Test worker] org.hibernate.SQL                        : 
    insert 
    into
        order_item
        (count, item_id, order_id, order_price, order_item_id) 
    values
        (?, ?, ?, ?, ?)
2023-12-01 13:03:21.709 TRACE 65078 --- [    Test worker] o.h.type.descriptor.sql.BasicBinder      : binding parameter [1] as [INTEGER] - [1]
2023-12-01 13:03:21.709 TRACE 65078 --- [    Test worker] o.h.type.descriptor.sql.BasicBinder      : binding parameter [2] as [BIGINT] - [16]
2023-12-01 13:03:21.709 TRACE 65078 --- [    Test worker] o.h.type.descriptor.sql.BasicBinder      : binding parameter [3] as [BIGINT] - [18]
2023-12-01 13:03:21.709 TRACE 65078 --- [    Test worker] o.h.type.descriptor.sql.BasicBinder      : binding parameter [4] as [INTEGER] - [10000]
2023-12-01 13:03:21.709 TRACE 65078 --- [    Test worker] o.h.type.descriptor.sql.BasicBinder      : binding parameter [5] as [BIGINT] - [20]
2023-12-01 13:03:21.710  INFO 65078 --- [    Test worker] p6spy                                    : #1701403401710 | took 0ms | statement | connection 2| url jdbc:mysql://localhost:3306/jpa
insert into order_item (count, item_id, order_id, order_price, order_item_id) values (?, ?, ?, ?, ?)
insert into order_item (count, item_id, order_id, order_price, order_item_id) values (1, 16, 18, 10000, 20);
2023-12-01 13:03:21.710 DEBUG 65078 --- [    Test worker] org.hibernate.SQL                        : 
    insert 
    into
        order_item
        (count, item_id, order_id, order_price, order_item_id) 
    values
        (?, ?, ?, ?, ?)
2023-12-01 13:03:21.710 TRACE 65078 --- [    Test worker] o.h.type.descriptor.sql.BasicBinder      : binding parameter [1] as [INTEGER] - [2]
2023-12-01 13:03:21.710 TRACE 65078 --- [    Test worker] o.h.type.descriptor.sql.BasicBinder      : binding parameter [2] as [BIGINT] - [17]
2023-12-01 13:03:21.710 TRACE 65078 --- [    Test worker] o.h.type.descriptor.sql.BasicBinder      : binding parameter [3] as [BIGINT] - [18]
2023-12-01 13:03:21.710 TRACE 65078 --- [    Test worker] o.h.type.descriptor.sql.BasicBinder      : binding parameter [4] as [INTEGER] - [20000]
2023-12-01 13:03:21.710 TRACE 65078 --- [    Test worker] o.h.type.descriptor.sql.BasicBinder      : binding parameter [5] as [BIGINT] - [21]
2023-12-01 13:03:21.710  INFO 65078 --- [    Test worker] p6spy                                    : #1701403401710 | took 0ms | statement | connection 2| url jdbc:mysql://localhost:3306/jpa
insert into order_item (count, item_id, order_id, order_price, order_item_id) values (?, ?, ?, ?, ?)
insert into order_item (count, item_id, order_id, order_price, order_item_id) values (2, 17, 18, 20000, 21);
2023-12-01 13:03:21.711 DEBUG 65078 --- [    Test worker] org.hibernate.SQL                        : 
    update
        item 
    set
        name=?,
        price=?,
        stock_quantity=?,
        author=?,
        isbn=? 
    where
        item_id=?
2023-12-01 13:03:21.711 TRACE 65078 --- [    Test worker] o.h.type.descriptor.sql.BasicBinder      : binding parameter [1] as [VARCHAR] - [JPA1 BOOK]
2023-12-01 13:03:21.711 TRACE 65078 --- [    Test worker] o.h.type.descriptor.sql.BasicBinder      : binding parameter [2] as [INTEGER] - [10000]
2023-12-01 13:03:21.711 TRACE 65078 --- [    Test worker] o.h.type.descriptor.sql.BasicBinder      : binding parameter [3] as [INTEGER] - [99]
2023-12-01 13:03:21.711 TRACE 65078 --- [    Test worker] o.h.type.descriptor.sql.BasicBinder      : binding parameter [4] as [VARCHAR] - [null]
2023-12-01 13:03:21.711 TRACE 65078 --- [    Test worker] o.h.type.descriptor.sql.BasicBinder      : binding parameter [5] as [VARCHAR] - [null]
2023-12-01 13:03:21.711 TRACE 65078 --- [    Test worker] o.h.type.descriptor.sql.BasicBinder      : binding parameter [6] as [BIGINT] - [16]
2023-12-01 13:03:21.712  INFO 65078 --- [    Test worker] p6spy                                    : #1701403401712 | took 0ms | statement | connection 2| url jdbc:mysql://localhost:3306/jpa
update item set name=?, price=?, stock_quantity=?, author=?, isbn=? where item_id=?
update item set name='JPA1 BOOK', price=10000, stock_quantity=99, author=NULL, isbn=NULL where item_id=16;
2023-12-01 13:03:21.712 DEBUG 65078 --- [    Test worker] org.hibernate.SQL                        : 
    update
        item 
    set
        name=?,
        price=?,
        stock_quantity=?,
        author=?,
        isbn=? 
    where
        item_id=?
2023-12-01 13:03:21.712 TRACE 65078 --- [    Test worker] o.h.type.descriptor.sql.BasicBinder      : binding parameter [1] as [VARCHAR] - [JPA2 BOOK]
2023-12-01 13:03:21.712 TRACE 65078 --- [    Test worker] o.h.type.descriptor.sql.BasicBinder      : binding parameter [2] as [INTEGER] - [20000]
2023-12-01 13:03:21.712 TRACE 65078 --- [    Test worker] o.h.type.descriptor.sql.BasicBinder      : binding parameter [3] as [INTEGER] - [98]
2023-12-01 13:03:21.712 TRACE 65078 --- [    Test worker] o.h.type.descriptor.sql.BasicBinder      : binding parameter [4] as [VARCHAR] - [null]
2023-12-01 13:03:21.712 TRACE 65078 --- [    Test worker] o.h.type.descriptor.sql.BasicBinder      : binding parameter [5] as [VARCHAR] - [null]
2023-12-01 13:03:21.712 TRACE 65078 --- [    Test worker] o.h.type.descriptor.sql.BasicBinder      : binding parameter [6] as [BIGINT] - [17]
2023-12-01 13:03:21.713  INFO 65078 --- [    Test worker] p6spy                                    : #1701403401713 | took 0ms | statement | connection 2| url jdbc:mysql://localhost:3306/jpa
update item set name=?, price=?, stock_quantity=?, author=?, isbn=? where item_id=?
update item set name='JPA2 BOOK', price=20000, stock_quantity=98, author=NULL, isbn=NULL where item_id=17;
2023-12-01 13:03:21.714  INFO 65078 --- [    Test worker] p6spy                                    : #1701403401714 | took 0ms | commit | connection 2| url jdbc:mysql://localhost:3306/jpa

;
2023-12-01 13:03:21.715 DEBUG 65078 --- [    Test worker] org.hibernate.SQL                        : 
    select
        next_val as id_val 
    from
        hibernate_sequence for update
            
2023-12-01 13:03:21.715  INFO 65078 --- [    Test worker] p6spy                                    : #1701403401715 | took 0ms | statement | connection 11| url jdbc:mysql://localhost:3306/jpa
select next_val as id_val from hibernate_sequence for update
select next_val as id_val from hibernate_sequence for update;
2023-12-01 13:03:21.715 DEBUG 65078 --- [    Test worker] org.hibernate.SQL                        : 
    update
        hibernate_sequence 
    set
        next_val= ? 
    where
        next_val=?
2023-12-01 13:03:21.716  INFO 65078 --- [    Test worker] p6spy                                    : #1701403401716 | took 0ms | statement | connection 11| url jdbc:mysql://localhost:3306/jpa
update hibernate_sequence set next_val= ? where next_val=?
update hibernate_sequence set next_val= 23 where next_val=22;
2023-12-01 13:03:21.716  INFO 65078 --- [    Test worker] p6spy                                    : #1701403401716 | took 0ms | commit | connection 11| url jdbc:mysql://localhost:3306/jpa

;
2023-12-01 13:03:21.717 DEBUG 65078 --- [    Test worker] org.hibernate.SQL                        : 
    select
        next_val as id_val 
    from
        hibernate_sequence for update
            
2023-12-01 13:03:21.717  INFO 65078 --- [    Test worker] p6spy                                    : #1701403401717 | took 0ms | statement | connection 12| url jdbc:mysql://localhost:3306/jpa
select next_val as id_val from hibernate_sequence for update
select next_val as id_val from hibernate_sequence for update;
2023-12-01 13:03:21.717 DEBUG 65078 --- [    Test worker] org.hibernate.SQL                        : 
    update
        hibernate_sequence 
    set
        next_val= ? 
    where
        next_val=?
2023-12-01 13:03:21.718  INFO 65078 --- [    Test worker] p6spy                                    : #1701403401718 | took 0ms | statement | connection 12| url jdbc:mysql://localhost:3306/jpa
update hibernate_sequence set next_val= ? where next_val=?
update hibernate_sequence set next_val= 24 where next_val=23;
2023-12-01 13:03:21.719  INFO 65078 --- [    Test worker] p6spy                                    : #1701403401719 | took 0ms | commit | connection 12| url jdbc:mysql://localhost:3306/jpa

;
2023-12-01 13:03:21.720 DEBUG 65078 --- [    Test worker] org.hibernate.SQL                        : 
    select
        next_val as id_val 
    from
        hibernate_sequence for update
            
2023-12-01 13:03:21.720  INFO 65078 --- [    Test worker] p6spy                                    : #1701403401720 | took 0ms | statement | connection 13| url jdbc:mysql://localhost:3306/jpa
select next_val as id_val from hibernate_sequence for update
select next_val as id_val from hibernate_sequence for update;
2023-12-01 13:03:21.720 DEBUG 65078 --- [    Test worker] org.hibernate.SQL                        : 
    update
        hibernate_sequence 
    set
        next_val= ? 
    where
        next_val=?
2023-12-01 13:03:21.720  INFO 65078 --- [    Test worker] p6spy                                    : #1701403401720 | took 0ms | statement | connection 13| url jdbc:mysql://localhost:3306/jpa
update hibernate_sequence set next_val= ? where next_val=?
update hibernate_sequence set next_val= 25 where next_val=24;
2023-12-01 13:03:21.721  INFO 65078 --- [    Test worker] p6spy                                    : #1701403401721 | took 0ms | commit | connection 13| url jdbc:mysql://localhost:3306/jpa

;
2023-12-01 13:03:21.721 DEBUG 65078 --- [    Test worker] org.hibernate.SQL                        : 
    select
        next_val as id_val 
    from
        hibernate_sequence for update
            
2023-12-01 13:03:21.721  INFO 65078 --- [    Test worker] p6spy                                    : #1701403401721 | took 0ms | statement | connection 14| url jdbc:mysql://localhost:3306/jpa
select next_val as id_val from hibernate_sequence for update
select next_val as id_val from hibernate_sequence for update;
2023-12-01 13:03:21.721 DEBUG 65078 --- [    Test worker] org.hibernate.SQL                        : 
    update
        hibernate_sequence 
    set
        next_val= ? 
    where
        next_val=?
2023-12-01 13:03:21.722  INFO 65078 --- [    Test worker] p6spy                                    : #1701403401722 | took 0ms | statement | connection 14| url jdbc:mysql://localhost:3306/jpa
update hibernate_sequence set next_val= ? where next_val=?
update hibernate_sequence set next_val= 26 where next_val=25;
2023-12-01 13:03:21.722  INFO 65078 --- [    Test worker] p6spy                                    : #1701403401722 | took 0ms | commit | connection 14| url jdbc:mysql://localhost:3306/jpa

;
2023-12-01 13:03:21.722 DEBUG 65078 --- [    Test worker] org.hibernate.SQL                        : 
    select
        next_val as id_val 
    from
        hibernate_sequence for update
            
2023-12-01 13:03:21.723  INFO 65078 --- [    Test worker] p6spy                                    : #1701403401723 | took 0ms | statement | connection 15| url jdbc:mysql://localhost:3306/jpa
select next_val as id_val from hibernate_sequence for update
select next_val as id_val from hibernate_sequence for update;
2023-12-01 13:03:21.723 DEBUG 65078 --- [    Test worker] org.hibernate.SQL                        : 
    update
        hibernate_sequence 
    set
        next_val= ? 
    where
        next_val=?
2023-12-01 13:03:21.723  INFO 65078 --- [    Test worker] p6spy                                    : #1701403401723 | took 0ms | statement | connection 15| url jdbc:mysql://localhost:3306/jpa
update hibernate_sequence set next_val= ? where next_val=?
update hibernate_sequence set next_val= 27 where next_val=26;
2023-12-01 13:03:21.723  INFO 65078 --- [    Test worker] p6spy                                    : #1701403401723 | took 0ms | commit | connection 15| url jdbc:mysql://localhost:3306/jpa

;
2023-12-01 13:03:21.724 DEBUG 65078 --- [    Test worker] org.hibernate.SQL                        : 
    select
        next_val as id_val 
    from
        hibernate_sequence for update
            
2023-12-01 13:03:21.724  INFO 65078 --- [    Test worker] p6spy                                    : #1701403401724 | took 0ms | statement | connection 16| url jdbc:mysql://localhost:3306/jpa
select next_val as id_val from hibernate_sequence for update
select next_val as id_val from hibernate_sequence for update;
2023-12-01 13:03:21.724 DEBUG 65078 --- [    Test worker] org.hibernate.SQL                        : 
    update
        hibernate_sequence 
    set
        next_val= ? 
    where
        next_val=?
2023-12-01 13:03:21.725  INFO 65078 --- [    Test worker] p6spy                                    : #1701403401725 | took 0ms | statement | connection 16| url jdbc:mysql://localhost:3306/jpa
update hibernate_sequence set next_val= ? where next_val=?
update hibernate_sequence set next_val= 28 where next_val=27;
2023-12-01 13:03:21.725  INFO 65078 --- [    Test worker] p6spy                                    : #1701403401725 | took 0ms | commit | connection 16| url jdbc:mysql://localhost:3306/jpa

;
2023-12-01 13:03:21.725 DEBUG 65078 --- [    Test worker] org.hibernate.SQL                        : 
    select
        next_val as id_val 
    from
        hibernate_sequence for update
            
2023-12-01 13:03:21.726  INFO 65078 --- [    Test worker] p6spy                                    : #1701403401726 | took 0ms | statement | connection 17| url jdbc:mysql://localhost:3306/jpa
select next_val as id_val from hibernate_sequence for update
select next_val as id_val from hibernate_sequence for update;
2023-12-01 13:03:21.726 DEBUG 65078 --- [    Test worker] org.hibernate.SQL                        : 
    update
        hibernate_sequence 
    set
        next_val= ? 
    where
        next_val=?
2023-12-01 13:03:21.726  INFO 65078 --- [    Test worker] p6spy                                    : #1701403401726 | took 0ms | statement | connection 17| url jdbc:mysql://localhost:3306/jpa
update hibernate_sequence set next_val= ? where next_val=?
update hibernate_sequence set next_val= 29 where next_val=28;
2023-12-01 13:03:21.726  INFO 65078 --- [    Test worker] p6spy                                    : #1701403401726 | took 0ms | commit | connection 17| url jdbc:mysql://localhost:3306/jpa

;
2023-12-01 13:03:21.727 DEBUG 65078 --- [    Test worker] org.hibernate.SQL                        : 
    insert 
    into
        member
        (city, street, zipcode, name, member_id) 
    values
        (?, ?, ?, ?, ?)
2023-12-01 13:03:21.727 TRACE 65078 --- [    Test worker] o.h.type.descriptor.sql.BasicBinder      : binding parameter [1] as [VARCHAR] - [진주]
2023-12-01 13:03:21.727 TRACE 65078 --- [    Test worker] o.h.type.descriptor.sql.BasicBinder      : binding parameter [2] as [VARCHAR] - [2]
2023-12-01 13:03:21.727 TRACE 65078 --- [    Test worker] o.h.type.descriptor.sql.BasicBinder      : binding parameter [3] as [VARCHAR] - [2222]
2023-12-01 13:03:21.727 TRACE 65078 --- [    Test worker] o.h.type.descriptor.sql.BasicBinder      : binding parameter [4] as [VARCHAR] - [userB]
2023-12-01 13:03:21.727 TRACE 65078 --- [    Test worker] o.h.type.descriptor.sql.BasicBinder      : binding parameter [5] as [BIGINT] - [22]
2023-12-01 13:03:21.728  INFO 65078 --- [    Test worker] p6spy                                    : #1701403401728 | took 0ms | statement | connection 10| url jdbc:mysql://localhost:3306/jpa
insert into member (city, street, zipcode, name, member_id) values (?, ?, ?, ?, ?)
insert into member (city, street, zipcode, name, member_id) values ('진주', '2', '2222', 'userB', 22);
2023-12-01 13:03:21.729 DEBUG 65078 --- [    Test worker] org.hibernate.SQL                        : 
    insert 
    into
        item
        (name, price, stock_quantity, author, isbn, dtype, item_id) 
    values
        (?, ?, ?, ?, ?, 'B', ?)
2023-12-01 13:03:21.729 TRACE 65078 --- [    Test worker] o.h.type.descriptor.sql.BasicBinder      : binding parameter [1] as [VARCHAR] - [SPRING1 BOOK]
2023-12-01 13:03:21.729 TRACE 65078 --- [    Test worker] o.h.type.descriptor.sql.BasicBinder      : binding parameter [2] as [INTEGER] - [20000]
2023-12-01 13:03:21.729 TRACE 65078 --- [    Test worker] o.h.type.descriptor.sql.BasicBinder      : binding parameter [3] as [INTEGER] - [200]
2023-12-01 13:03:21.729 TRACE 65078 --- [    Test worker] o.h.type.descriptor.sql.BasicBinder      : binding parameter [4] as [VARCHAR] - [null]
2023-12-01 13:03:21.729 TRACE 65078 --- [    Test worker] o.h.type.descriptor.sql.BasicBinder      : binding parameter [5] as [VARCHAR] - [null]
2023-12-01 13:03:21.729 TRACE 65078 --- [    Test worker] o.h.type.descriptor.sql.BasicBinder      : binding parameter [6] as [BIGINT] - [23]
2023-12-01 13:03:21.729  INFO 65078 --- [    Test worker] p6spy                                    : #1701403401729 | took 0ms | statement | connection 10| url jdbc:mysql://localhost:3306/jpa
insert into item (name, price, stock_quantity, author, isbn, dtype, item_id) values (?, ?, ?, ?, ?, 'B', ?)
insert into item (name, price, stock_quantity, author, isbn, dtype, item_id) values ('SPRING1 BOOK', 20000, 200, NULL, NULL, 'B', 23);
2023-12-01 13:03:21.729 DEBUG 65078 --- [    Test worker] org.hibernate.SQL                        : 
    insert 
    into
        item
        (name, price, stock_quantity, author, isbn, dtype, item_id) 
    values
        (?, ?, ?, ?, ?, 'B', ?)
2023-12-01 13:03:21.729 TRACE 65078 --- [    Test worker] o.h.type.descriptor.sql.BasicBinder      : binding parameter [1] as [VARCHAR] - [SPRING2 BOOK]
2023-12-01 13:03:21.729 TRACE 65078 --- [    Test worker] o.h.type.descriptor.sql.BasicBinder      : binding parameter [2] as [INTEGER] - [40000]
2023-12-01 13:03:21.729 TRACE 65078 --- [    Test worker] o.h.type.descriptor.sql.BasicBinder      : binding parameter [3] as [INTEGER] - [300]
2023-12-01 13:03:21.729 TRACE 65078 --- [    Test worker] o.h.type.descriptor.sql.BasicBinder      : binding parameter [4] as [VARCHAR] - [null]
2023-12-01 13:03:21.729 TRACE 65078 --- [    Test worker] o.h.type.descriptor.sql.BasicBinder      : binding parameter [5] as [VARCHAR] - [null]
2023-12-01 13:03:21.729 TRACE 65078 --- [    Test worker] o.h.type.descriptor.sql.BasicBinder      : binding parameter [6] as [BIGINT] - [24]
2023-12-01 13:03:21.730  INFO 65078 --- [    Test worker] p6spy                                    : #1701403401730 | took 0ms | statement | connection 10| url jdbc:mysql://localhost:3306/jpa
insert into item (name, price, stock_quantity, author, isbn, dtype, item_id) values (?, ?, ?, ?, ?, 'B', ?)
insert into item (name, price, stock_quantity, author, isbn, dtype, item_id) values ('SPRING2 BOOK', 40000, 300, NULL, NULL, 'B', 24);
2023-12-01 13:03:21.730 DEBUG 65078 --- [    Test worker] org.hibernate.SQL                        : 
    insert 
    into
        delivery
        (city, street, zipcode, status, delivery_id) 
    values
        (?, ?, ?, ?, ?)
2023-12-01 13:03:21.730 TRACE 65078 --- [    Test worker] o.h.type.descriptor.sql.BasicBinder      : binding parameter [1] as [VARCHAR] - [진주]
2023-12-01 13:03:21.730 TRACE 65078 --- [    Test worker] o.h.type.descriptor.sql.BasicBinder      : binding parameter [2] as [VARCHAR] - [2]
2023-12-01 13:03:21.730 TRACE 65078 --- [    Test worker] o.h.type.descriptor.sql.BasicBinder      : binding parameter [3] as [VARCHAR] - [2222]
2023-12-01 13:03:21.730 TRACE 65078 --- [    Test worker] o.h.type.descriptor.sql.BasicBinder      : binding parameter [4] as [VARCHAR] - [null]
2023-12-01 13:03:21.730 TRACE 65078 --- [    Test worker] o.h.type.descriptor.sql.BasicBinder      : binding parameter [5] as [BIGINT] - [26]
2023-12-01 13:03:21.730  INFO 65078 --- [    Test worker] p6spy                                    : #1701403401730 | took 0ms | statement | connection 10| url jdbc:mysql://localhost:3306/jpa
insert into delivery (city, street, zipcode, status, delivery_id) values (?, ?, ?, ?, ?)
insert into delivery (city, street, zipcode, status, delivery_id) values ('진주', '2', '2222', NULL, 26);
2023-12-01 13:03:21.730 DEBUG 65078 --- [    Test worker] org.hibernate.SQL                        : 
    insert 
    into
        orders
        (delivery_id, member_id, order_date, status, order_id) 
    values
        (?, ?, ?, ?, ?)
2023-12-01 13:03:21.730 TRACE 65078 --- [    Test worker] o.h.type.descriptor.sql.BasicBinder      : binding parameter [1] as [BIGINT] - [26]
2023-12-01 13:03:21.730 TRACE 65078 --- [    Test worker] o.h.type.descriptor.sql.BasicBinder      : binding parameter [2] as [BIGINT] - [22]
2023-12-01 13:03:21.730 TRACE 65078 --- [    Test worker] o.h.type.descriptor.sql.BasicBinder      : binding parameter [3] as [TIMESTAMP] - [2023-12-01T13:03:21.721375]
2023-12-01 13:03:21.731 TRACE 65078 --- [    Test worker] o.h.type.descriptor.sql.BasicBinder      : binding parameter [4] as [VARCHAR] - [ORDER]
2023-12-01 13:03:21.731 TRACE 65078 --- [    Test worker] o.h.type.descriptor.sql.BasicBinder      : binding parameter [5] as [BIGINT] - [25]
2023-12-01 13:03:21.731  INFO 65078 --- [    Test worker] p6spy                                    : #1701403401731 | took 0ms | statement | connection 10| url jdbc:mysql://localhost:3306/jpa
insert into orders (delivery_id, member_id, order_date, status, order_id) values (?, ?, ?, ?, ?)
insert into orders (delivery_id, member_id, order_date, status, order_id) values (26, 22, '2023-12-01T13:03:21.721+0900', 'ORDER', 25);
2023-12-01 13:03:21.731 DEBUG 65078 --- [    Test worker] org.hibernate.SQL                        : 
    insert 
    into
        order_item
        (count, item_id, order_id, order_price, order_item_id) 
    values
        (?, ?, ?, ?, ?)
2023-12-01 13:03:21.731 TRACE 65078 --- [    Test worker] o.h.type.descriptor.sql.BasicBinder      : binding parameter [1] as [INTEGER] - [3]
2023-12-01 13:03:21.731 TRACE 65078 --- [    Test worker] o.h.type.descriptor.sql.BasicBinder      : binding parameter [2] as [BIGINT] - [23]
2023-12-01 13:03:21.731 TRACE 65078 --- [    Test worker] o.h.type.descriptor.sql.BasicBinder      : binding parameter [3] as [BIGINT] - [25]
2023-12-01 13:03:21.731 TRACE 65078 --- [    Test worker] o.h.type.descriptor.sql.BasicBinder      : binding parameter [4] as [INTEGER] - [20000]
2023-12-01 13:03:21.731 TRACE 65078 --- [    Test worker] o.h.type.descriptor.sql.BasicBinder      : binding parameter [5] as [BIGINT] - [27]
2023-12-01 13:03:21.731  INFO 65078 --- [    Test worker] p6spy                                    : #1701403401731 | took 0ms | statement | connection 10| url jdbc:mysql://localhost:3306/jpa
insert into order_item (count, item_id, order_id, order_price, order_item_id) values (?, ?, ?, ?, ?)
insert into order_item (count, item_id, order_id, order_price, order_item_id) values (3, 23, 25, 20000, 27);
2023-12-01 13:03:21.731 DEBUG 65078 --- [    Test worker] org.hibernate.SQL                        : 
    insert 
    into
        order_item
        (count, item_id, order_id, order_price, order_item_id) 
    values
        (?, ?, ?, ?, ?)
2023-12-01 13:03:21.732 TRACE 65078 --- [    Test worker] o.h.type.descriptor.sql.BasicBinder      : binding parameter [1] as [INTEGER] - [4]
2023-12-01 13:03:21.732 TRACE 65078 --- [    Test worker] o.h.type.descriptor.sql.BasicBinder      : binding parameter [2] as [BIGINT] - [24]
2023-12-01 13:03:21.732 TRACE 65078 --- [    Test worker] o.h.type.descriptor.sql.BasicBinder      : binding parameter [3] as [BIGINT] - [25]
2023-12-01 13:03:21.732 TRACE 65078 --- [    Test worker] o.h.type.descriptor.sql.BasicBinder      : binding parameter [4] as [INTEGER] - [40000]
2023-12-01 13:03:21.732 TRACE 65078 --- [    Test worker] o.h.type.descriptor.sql.BasicBinder      : binding parameter [5] as [BIGINT] - [28]
2023-12-01 13:03:21.732  INFO 65078 --- [    Test worker] p6spy                                    : #1701403401732 | took 0ms | statement | connection 10| url jdbc:mysql://localhost:3306/jpa
insert into order_item (count, item_id, order_id, order_price, order_item_id) values (?, ?, ?, ?, ?)
insert into order_item (count, item_id, order_id, order_price, order_item_id) values (4, 24, 25, 40000, 28);
2023-12-01 13:03:21.732 DEBUG 65078 --- [    Test worker] org.hibernate.SQL                        : 
    update
        item 
    set
        name=?,
        price=?,
        stock_quantity=?,
        author=?,
        isbn=? 
    where
        item_id=?
2023-12-01 13:03:21.732 TRACE 65078 --- [    Test worker] o.h.type.descriptor.sql.BasicBinder      : binding parameter [1] as [VARCHAR] - [SPRING1 BOOK]
2023-12-01 13:03:21.732 TRACE 65078 --- [    Test worker] o.h.type.descriptor.sql.BasicBinder      : binding parameter [2] as [INTEGER] - [20000]
2023-12-01 13:03:21.732 TRACE 65078 --- [    Test worker] o.h.type.descriptor.sql.BasicBinder      : binding parameter [3] as [INTEGER] - [197]
2023-12-01 13:03:21.732 TRACE 65078 --- [    Test worker] o.h.type.descriptor.sql.BasicBinder      : binding parameter [4] as [VARCHAR] - [null]
2023-12-01 13:03:21.732 TRACE 65078 --- [    Test worker] o.h.type.descriptor.sql.BasicBinder      : binding parameter [5] as [VARCHAR] - [null]
2023-12-01 13:03:21.732 TRACE 65078 --- [    Test worker] o.h.type.descriptor.sql.BasicBinder      : binding parameter [6] as [BIGINT] - [23]
2023-12-01 13:03:21.733  INFO 65078 --- [    Test worker] p6spy                                    : #1701403401733 | took 0ms | statement | connection 10| url jdbc:mysql://localhost:3306/jpa
update item set name=?, price=?, stock_quantity=?, author=?, isbn=? where item_id=?
update item set name='SPRING1 BOOK', price=20000, stock_quantity=197, author=NULL, isbn=NULL where item_id=23;
2023-12-01 13:03:21.733 DEBUG 65078 --- [    Test worker] org.hibernate.SQL                        : 
    update
        item 
    set
        name=?,
        price=?,
        stock_quantity=?,
        author=?,
        isbn=? 
    where
        item_id=?
2023-12-01 13:03:21.733 TRACE 65078 --- [    Test worker] o.h.type.descriptor.sql.BasicBinder      : binding parameter [1] as [VARCHAR] - [SPRING2 BOOK]
2023-12-01 13:03:21.733 TRACE 65078 --- [    Test worker] o.h.type.descriptor.sql.BasicBinder      : binding parameter [2] as [INTEGER] - [40000]
2023-12-01 13:03:21.733 TRACE 65078 --- [    Test worker] o.h.type.descriptor.sql.BasicBinder      : binding parameter [3] as [INTEGER] - [296]
2023-12-01 13:03:21.733 TRACE 65078 --- [    Test worker] o.h.type.descriptor.sql.BasicBinder      : binding parameter [4] as [VARCHAR] - [null]
2023-12-01 13:03:21.733 TRACE 65078 --- [    Test worker] o.h.type.descriptor.sql.BasicBinder      : binding parameter [5] as [VARCHAR] - [null]
2023-12-01 13:03:21.733 TRACE 65078 --- [    Test worker] o.h.type.descriptor.sql.BasicBinder      : binding parameter [6] as [BIGINT] - [24]
2023-12-01 13:03:21.733  INFO 65078 --- [    Test worker] p6spy                                    : #1701403401733 | took 0ms | statement | connection 10| url jdbc:mysql://localhost:3306/jpa
update item set name=?, price=?, stock_quantity=?, author=?, isbn=? where item_id=?
update item set name='SPRING2 BOOK', price=40000, stock_quantity=296, author=NULL, isbn=NULL where item_id=24;
2023-12-01 13:03:21.734  INFO 65078 --- [    Test worker] p6spy                                    : #1701403401734 | took 0ms | commit | connection 10| url jdbc:mysql://localhost:3306/jpa

;
2023-12-01 13:03:21.914  WARN 65078 --- [    Test worker] JpaBaseConfiguration$JpaWebConfiguration : spring.jpa.open-in-view is enabled by default. Therefore, database queries may be performed during view rendering. Explicitly configure spring.jpa.open-in-view to disable this warning
2023-12-01 13:03:21.995  INFO 65078 --- [    Test worker] o.s.b.a.w.s.WelcomePageHandlerMapping    : Adding welcome page: class path resource [static/index.html]
2023-12-01 13:03:22.100  INFO 65078 --- [    Test worker] jpabook.jpashop.JpashopApplicationTests  : Started JpashopApplicationTests in 1.794 seconds (JVM running for 2.185)
]]></system-out>
  <system-err><![CDATA[]]></system-err>
</testsuite>
