<?xml version="1.0" encoding="UTF-8"?>
<testsuite name="jpabook.jpashop.service.OrderServiceTest" tests="3" skipped="0" failures="0" errors="0" timestamp="2023-12-01T04:03:22" hostname="MacBook-Pro.local" time="0.037">
  <properties/>
  <testcase name="상품주문_재고수량초과()" classname="jpabook.jpashop.service.OrderServiceTest" time="0.012"/>
  <testcase name="상품주문()" classname="jpabook.jpashop.service.OrderServiceTest" time="0.013"/>
  <testcase name="주문취소()" classname="jpabook.jpashop.service.OrderServiceTest" time="0.012"/>
  <system-out><![CDATA[2023-12-01 13:03:22.275  INFO 65078 --- [    Test worker] .b.t.c.SpringBootTestContextBootstrapper : Neither @ContextConfiguration nor @ContextHierarchy found for test class [jpabook.jpashop.service.OrderServiceTest], using SpringBootContextLoader
2023-12-01 13:03:22.275  INFO 65078 --- [    Test worker] o.s.t.c.support.AbstractContextLoader    : Could not detect default resource locations for test class [jpabook.jpashop.service.OrderServiceTest]: no resource found for suffixes {-context.xml, Context.groovy}.
2023-12-01 13:03:22.275  INFO 65078 --- [    Test worker] t.c.s.AnnotationConfigContextLoaderUtils : Could not detect default configuration classes for test class [jpabook.jpashop.service.OrderServiceTest]: OrderServiceTest does not declare any static, non-private, non-final, nested classes annotated with @Configuration.
2023-12-01 13:03:22.276  INFO 65078 --- [    Test worker] .b.t.c.SpringBootTestContextBootstrapper : Found @SpringBootConfiguration jpabook.jpashop.JpashopApplication for test class jpabook.jpashop.service.OrderServiceTest
2023-12-01 13:03:22.276  INFO 65078 --- [    Test worker] .b.t.c.SpringBootTestContextBootstrapper : Loaded default TestExecutionListener class names from location [META-INF/spring.factories]: [org.springframework.boot.test.autoconfigure.restdocs.RestDocsTestExecutionListener, org.springframework.boot.test.autoconfigure.web.client.MockRestServiceServerResetTestExecutionListener, org.springframework.boot.test.autoconfigure.web.servlet.MockMvcPrintOnlyOnFailureTestExecutionListener, org.springframework.boot.test.autoconfigure.web.servlet.WebDriverTestExecutionListener, org.springframework.boot.test.autoconfigure.webservices.client.MockWebServiceServerTestExecutionListener, org.springframework.boot.test.mock.mockito.MockitoTestExecutionListener, org.springframework.boot.test.mock.mockito.ResetMocksTestExecutionListener, org.springframework.test.context.web.ServletTestExecutionListener, org.springframework.test.context.support.DirtiesContextBeforeModesTestExecutionListener, org.springframework.test.context.event.ApplicationEventsTestExecutionListener, org.springframework.test.context.support.DependencyInjectionTestExecutionListener, org.springframework.test.context.support.DirtiesContextTestExecutionListener, org.springframework.test.context.transaction.TransactionalTestExecutionListener, org.springframework.test.context.jdbc.SqlScriptsTestExecutionListener, org.springframework.test.context.event.EventPublishingTestExecutionListener]
2023-12-01 13:03:22.276  INFO 65078 --- [    Test worker] .b.t.c.SpringBootTestContextBootstrapper : Using TestExecutionListeners: [org.springframework.test.context.web.ServletTestExecutionListener@2cb4e4b1, org.springframework.test.context.support.DirtiesContextBeforeModesTestExecutionListener@6e3552b0, org.springframework.test.context.event.ApplicationEventsTestExecutionListener@6971c6b7, org.springframework.boot.test.mock.mockito.MockitoTestExecutionListener@402d45c6, org.springframework.boot.test.autoconfigure.SpringBootDependencyInjectionTestExecutionListener@4b37b01e, org.springframework.test.context.support.DirtiesContextTestExecutionListener@f53db1a, org.springframework.test.context.transaction.TransactionalTestExecutionListener@6870e039, org.springframework.test.context.jdbc.SqlScriptsTestExecutionListener@42599b84, org.springframework.test.context.event.EventPublishingTestExecutionListener@34986491, org.springframework.boot.test.autoconfigure.restdocs.RestDocsTestExecutionListener@2582e213, org.springframework.boot.test.autoconfigure.web.client.MockRestServiceServerResetTestExecutionListener@4a1cafb2, org.springframework.boot.test.autoconfigure.web.servlet.MockMvcPrintOnlyOnFailureTestExecutionListener@441798ce, org.springframework.boot.test.autoconfigure.web.servlet.WebDriverTestExecutionListener@335cd031, org.springframework.boot.test.autoconfigure.webservices.client.MockWebServiceServerTestExecutionListener@17c3e33, org.springframework.boot.test.mock.mockito.ResetMocksTestExecutionListener@2eb27091]
2023-12-01 13:03:22.279  INFO 65078 --- [    Test worker] o.s.t.c.transaction.TransactionContext   : Began transaction (1) for test context [DefaultTestContext@5e752a2a testClass = OrderServiceTest, testInstance = jpabook.jpashop.service.OrderServiceTest@52811dc1, testMethod = 상품주문_재고수량초과@OrderServiceTest, testException = [null], mergedContextConfiguration = [WebMergedContextConfiguration@4f9191c1 testClass = OrderServiceTest, locations = '{}', classes = '{class jpabook.jpashop.JpashopApplication}', contextInitializerClasses = '[]', activeProfiles = '{}', propertySourceLocations = '{}', propertySourceProperties = '{org.springframework.boot.test.context.SpringBootTestContextBootstrapper=true}', contextCustomizers = set[org.springframework.boot.test.autoconfigure.actuate.metrics.MetricsExportContextCustomizerFactory$DisableMetricExportContextCustomizer@7b205dbd, org.springframework.boot.test.autoconfigure.properties.PropertyMappingContextCustomizer@0, org.springframework.boot.test.autoconfigure.web.servlet.WebDriverContextCustomizerFactory$Customizer@3b7d3a38, org.springframework.boot.test.context.filter.ExcludeFilterContextCustomizer@2bb3058, org.springframework.boot.test.json.DuplicateJsonObjectContextCustomizerFactory$DuplicateJsonObjectContextCustomizer@4ae9cfc1, org.springframework.boot.test.mock.mockito.MockitoContextCustomizer@0, org.springframework.boot.test.web.client.TestRestTemplateContextCustomizer@3b96c42e, org.springframework.boot.test.context.SpringBootTestArgs@1, org.springframework.boot.test.context.SpringBootTestWebEnvironment@175b9425], resourceBasePath = 'src/main/webapp', contextLoader = 'org.springframework.boot.test.context.SpringBootContextLoader', parent = [null]], attributes = map['org.springframework.test.context.web.ServletTestExecutionListener.activateListener' -> true, 'org.springframework.test.context.web.ServletTestExecutionListener.populatedRequestContextHolder' -> true, 'org.springframework.test.context.web.ServletTestExecutionListener.resetRequestContextHolder' -> true, 'org.springframework.test.context.event.ApplicationEventsTestExecutionListener.recordApplicationEvents' -> false]]; transaction manager [org.springframework.orm.jpa.JpaTransactionManager@38c1b1a7]; rollback [true]
2023-12-01 13:03:22.280 DEBUG 65078 --- [    Test worker] org.hibernate.SQL                        : 
    select
        next_val as id_val 
    from
        hibernate_sequence for update
            
2023-12-01 13:03:22.281  INFO 65078 --- [    Test worker] p6spy                                    : #1701403402281 | took 0ms | statement | connection 25| url jdbc:mysql://localhost:3306/jpa
select next_val as id_val from hibernate_sequence for update
select next_val as id_val from hibernate_sequence for update;
2023-12-01 13:03:22.281 DEBUG 65078 --- [    Test worker] org.hibernate.SQL                        : 
    update
        hibernate_sequence 
    set
        next_val= ? 
    where
        next_val=?
2023-12-01 13:03:22.282  INFO 65078 --- [    Test worker] p6spy                                    : #1701403402282 | took 0ms | statement | connection 25| url jdbc:mysql://localhost:3306/jpa
update hibernate_sequence set next_val= ? where next_val=?
update hibernate_sequence set next_val= 32 where next_val=31;
2023-12-01 13:03:22.282  INFO 65078 --- [    Test worker] p6spy                                    : #1701403402282 | took 0ms | commit | connection 25| url jdbc:mysql://localhost:3306/jpa

;
2023-12-01 13:03:22.283 DEBUG 65078 --- [    Test worker] org.hibernate.SQL                        : 
    select
        next_val as id_val 
    from
        hibernate_sequence for update
            
2023-12-01 13:03:22.283  INFO 65078 --- [    Test worker] p6spy                                    : #1701403402283 | took 0ms | statement | connection 26| url jdbc:mysql://localhost:3306/jpa
select next_val as id_val from hibernate_sequence for update
select next_val as id_val from hibernate_sequence for update;
2023-12-01 13:03:22.283 DEBUG 65078 --- [    Test worker] org.hibernate.SQL                        : 
    update
        hibernate_sequence 
    set
        next_val= ? 
    where
        next_val=?
2023-12-01 13:03:22.283  INFO 65078 --- [    Test worker] p6spy                                    : #1701403402283 | took 0ms | statement | connection 26| url jdbc:mysql://localhost:3306/jpa
update hibernate_sequence set next_val= ? where next_val=?
update hibernate_sequence set next_val= 33 where next_val=32;
2023-12-01 13:03:22.284  INFO 65078 --- [    Test worker] p6spy                                    : #1701403402284 | took 0ms | commit | connection 26| url jdbc:mysql://localhost:3306/jpa

;
2023-12-01 13:03:22.289  INFO 65078 --- [    Test worker] p6spy                                    : #1701403402289 | took 0ms | rollback | connection 24| url jdbc:mysql://localhost:3306/jpa

;
2023-12-01 13:03:22.290  INFO 65078 --- [    Test worker] o.s.t.c.transaction.TransactionContext   : Rolled back transaction for test: [DefaultTestContext@5e752a2a testClass = OrderServiceTest, testInstance = jpabook.jpashop.service.OrderServiceTest@52811dc1, testMethod = 상품주문_재고수량초과@OrderServiceTest, testException = [null], mergedContextConfiguration = [WebMergedContextConfiguration@4f9191c1 testClass = OrderServiceTest, locations = '{}', classes = '{class jpabook.jpashop.JpashopApplication}', contextInitializerClasses = '[]', activeProfiles = '{}', propertySourceLocations = '{}', propertySourceProperties = '{org.springframework.boot.test.context.SpringBootTestContextBootstrapper=true}', contextCustomizers = set[org.springframework.boot.test.autoconfigure.actuate.metrics.MetricsExportContextCustomizerFactory$DisableMetricExportContextCustomizer@7b205dbd, org.springframework.boot.test.autoconfigure.properties.PropertyMappingContextCustomizer@0, org.springframework.boot.test.autoconfigure.web.servlet.WebDriverContextCustomizerFactory$Customizer@3b7d3a38, org.springframework.boot.test.context.filter.ExcludeFilterContextCustomizer@2bb3058, org.springframework.boot.test.json.DuplicateJsonObjectContextCustomizerFactory$DuplicateJsonObjectContextCustomizer@4ae9cfc1, org.springframework.boot.test.mock.mockito.MockitoContextCustomizer@0, org.springframework.boot.test.web.client.TestRestTemplateContextCustomizer@3b96c42e, org.springframework.boot.test.context.SpringBootTestArgs@1, org.springframework.boot.test.context.SpringBootTestWebEnvironment@175b9425], resourceBasePath = 'src/main/webapp', contextLoader = 'org.springframework.boot.test.context.SpringBootContextLoader', parent = [null]], attributes = map['org.springframework.test.context.web.ServletTestExecutionListener.activateListener' -> true, 'org.springframework.test.context.web.ServletTestExecutionListener.populatedRequestContextHolder' -> true, 'org.springframework.test.context.web.ServletTestExecutionListener.resetRequestContextHolder' -> true, 'org.springframework.test.context.event.ApplicationEventsTestExecutionListener.recordApplicationEvents' -> false]]
2023-12-01 13:03:22.291  INFO 65078 --- [    Test worker] o.s.t.c.transaction.TransactionContext   : Began transaction (1) for test context [DefaultTestContext@5e752a2a testClass = OrderServiceTest, testInstance = jpabook.jpashop.service.OrderServiceTest@26c349fc, testMethod = 상품주문@OrderServiceTest, testException = [null], mergedContextConfiguration = [WebMergedContextConfiguration@4f9191c1 testClass = OrderServiceTest, locations = '{}', classes = '{class jpabook.jpashop.JpashopApplication}', contextInitializerClasses = '[]', activeProfiles = '{}', propertySourceLocations = '{}', propertySourceProperties = '{org.springframework.boot.test.context.SpringBootTestContextBootstrapper=true}', contextCustomizers = set[org.springframework.boot.test.autoconfigure.actuate.metrics.MetricsExportContextCustomizerFactory$DisableMetricExportContextCustomizer@7b205dbd, org.springframework.boot.test.autoconfigure.properties.PropertyMappingContextCustomizer@0, org.springframework.boot.test.autoconfigure.web.servlet.WebDriverContextCustomizerFactory$Customizer@3b7d3a38, org.springframework.boot.test.context.filter.ExcludeFilterContextCustomizer@2bb3058, org.springframework.boot.test.json.DuplicateJsonObjectContextCustomizerFactory$DuplicateJsonObjectContextCustomizer@4ae9cfc1, org.springframework.boot.test.mock.mockito.MockitoContextCustomizer@0, org.springframework.boot.test.web.client.TestRestTemplateContextCustomizer@3b96c42e, org.springframework.boot.test.context.SpringBootTestArgs@1, org.springframework.boot.test.context.SpringBootTestWebEnvironment@175b9425], resourceBasePath = 'src/main/webapp', contextLoader = 'org.springframework.boot.test.context.SpringBootContextLoader', parent = [null]], attributes = map['org.springframework.test.context.web.ServletTestExecutionListener.activateListener' -> true, 'org.springframework.test.context.web.ServletTestExecutionListener.populatedRequestContextHolder' -> true, 'org.springframework.test.context.web.ServletTestExecutionListener.resetRequestContextHolder' -> true, 'org.springframework.test.context.event.ApplicationEventsTestExecutionListener.recordApplicationEvents' -> false]]; transaction manager [org.springframework.orm.jpa.JpaTransactionManager@38c1b1a7]; rollback [true]
2023-12-01 13:03:22.291 DEBUG 65078 --- [    Test worker] org.hibernate.SQL                        : 
    select
        next_val as id_val 
    from
        hibernate_sequence for update
            
2023-12-01 13:03:22.292  INFO 65078 --- [    Test worker] p6spy                                    : #1701403402292 | took 0ms | statement | connection 28| url jdbc:mysql://localhost:3306/jpa
select next_val as id_val from hibernate_sequence for update
select next_val as id_val from hibernate_sequence for update;
2023-12-01 13:03:22.292 DEBUG 65078 --- [    Test worker] org.hibernate.SQL                        : 
    update
        hibernate_sequence 
    set
        next_val= ? 
    where
        next_val=?
2023-12-01 13:03:22.292  INFO 65078 --- [    Test worker] p6spy                                    : #1701403402292 | took 0ms | statement | connection 28| url jdbc:mysql://localhost:3306/jpa
update hibernate_sequence set next_val= ? where next_val=?
update hibernate_sequence set next_val= 34 where next_val=33;
2023-12-01 13:03:22.293  INFO 65078 --- [    Test worker] p6spy                                    : #1701403402293 | took 0ms | commit | connection 28| url jdbc:mysql://localhost:3306/jpa

;
2023-12-01 13:03:22.293 DEBUG 65078 --- [    Test worker] org.hibernate.SQL                        : 
    select
        next_val as id_val 
    from
        hibernate_sequence for update
            
2023-12-01 13:03:22.294  INFO 65078 --- [    Test worker] p6spy                                    : #1701403402294 | took 0ms | statement | connection 29| url jdbc:mysql://localhost:3306/jpa
select next_val as id_val from hibernate_sequence for update
select next_val as id_val from hibernate_sequence for update;
2023-12-01 13:03:22.294 DEBUG 65078 --- [    Test worker] org.hibernate.SQL                        : 
    update
        hibernate_sequence 
    set
        next_val= ? 
    where
        next_val=?
2023-12-01 13:03:22.294  INFO 65078 --- [    Test worker] p6spy                                    : #1701403402294 | took 0ms | statement | connection 29| url jdbc:mysql://localhost:3306/jpa
update hibernate_sequence set next_val= ? where next_val=?
update hibernate_sequence set next_val= 35 where next_val=34;
2023-12-01 13:03:22.295  INFO 65078 --- [    Test worker] p6spy                                    : #1701403402295 | took 0ms | commit | connection 29| url jdbc:mysql://localhost:3306/jpa

;
2023-12-01 13:03:22.297 DEBUG 65078 --- [    Test worker] org.hibernate.SQL                        : 
    select
        next_val as id_val 
    from
        hibernate_sequence for update
            
2023-12-01 13:03:22.297  INFO 65078 --- [    Test worker] p6spy                                    : #1701403402297 | took 0ms | statement | connection 30| url jdbc:mysql://localhost:3306/jpa
select next_val as id_val from hibernate_sequence for update
select next_val as id_val from hibernate_sequence for update;
2023-12-01 13:03:22.297 DEBUG 65078 --- [    Test worker] org.hibernate.SQL                        : 
    update
        hibernate_sequence 
    set
        next_val= ? 
    where
        next_val=?
2023-12-01 13:03:22.297  INFO 65078 --- [    Test worker] p6spy                                    : #1701403402297 | took 0ms | statement | connection 30| url jdbc:mysql://localhost:3306/jpa
update hibernate_sequence set next_val= ? where next_val=?
update hibernate_sequence set next_val= 36 where next_val=35;
2023-12-01 13:03:22.298  INFO 65078 --- [    Test worker] p6spy                                    : #1701403402298 | took 0ms | commit | connection 30| url jdbc:mysql://localhost:3306/jpa

;
2023-12-01 13:03:22.298 DEBUG 65078 --- [    Test worker] org.hibernate.SQL                        : 
    select
        next_val as id_val 
    from
        hibernate_sequence for update
            
2023-12-01 13:03:22.298  INFO 65078 --- [    Test worker] p6spy                                    : #1701403402298 | took 0ms | statement | connection 31| url jdbc:mysql://localhost:3306/jpa
select next_val as id_val from hibernate_sequence for update
select next_val as id_val from hibernate_sequence for update;
2023-12-01 13:03:22.298 DEBUG 65078 --- [    Test worker] org.hibernate.SQL                        : 
    update
        hibernate_sequence 
    set
        next_val= ? 
    where
        next_val=?
2023-12-01 13:03:22.299  INFO 65078 --- [    Test worker] p6spy                                    : #1701403402299 | took 0ms | statement | connection 31| url jdbc:mysql://localhost:3306/jpa
update hibernate_sequence set next_val= ? where next_val=?
update hibernate_sequence set next_val= 37 where next_val=36;
2023-12-01 13:03:22.299  INFO 65078 --- [    Test worker] p6spy                                    : #1701403402299 | took 0ms | commit | connection 31| url jdbc:mysql://localhost:3306/jpa

;
2023-12-01 13:03:22.299 DEBUG 65078 --- [    Test worker] org.hibernate.SQL                        : 
    select
        next_val as id_val 
    from
        hibernate_sequence for update
            
2023-12-01 13:03:22.299  INFO 65078 --- [    Test worker] p6spy                                    : #1701403402299 | took 0ms | statement | connection 32| url jdbc:mysql://localhost:3306/jpa
select next_val as id_val from hibernate_sequence for update
select next_val as id_val from hibernate_sequence for update;
2023-12-01 13:03:22.299 DEBUG 65078 --- [    Test worker] org.hibernate.SQL                        : 
    update
        hibernate_sequence 
    set
        next_val= ? 
    where
        next_val=?
2023-12-01 13:03:22.300  INFO 65078 --- [    Test worker] p6spy                                    : #1701403402300 | took 0ms | statement | connection 32| url jdbc:mysql://localhost:3306/jpa
update hibernate_sequence set next_val= ? where next_val=?
update hibernate_sequence set next_val= 38 where next_val=37;
2023-12-01 13:03:22.300  INFO 65078 --- [    Test worker] p6spy                                    : #1701403402300 | took 0ms | commit | connection 32| url jdbc:mysql://localhost:3306/jpa

;
2023-12-01 13:03:22.302  INFO 65078 --- [    Test worker] p6spy                                    : #1701403402302 | took 0ms | rollback | connection 27| url jdbc:mysql://localhost:3306/jpa

;
2023-12-01 13:03:22.303  INFO 65078 --- [    Test worker] o.s.t.c.transaction.TransactionContext   : Rolled back transaction for test: [DefaultTestContext@5e752a2a testClass = OrderServiceTest, testInstance = jpabook.jpashop.service.OrderServiceTest@26c349fc, testMethod = 상품주문@OrderServiceTest, testException = [null], mergedContextConfiguration = [WebMergedContextConfiguration@4f9191c1 testClass = OrderServiceTest, locations = '{}', classes = '{class jpabook.jpashop.JpashopApplication}', contextInitializerClasses = '[]', activeProfiles = '{}', propertySourceLocations = '{}', propertySourceProperties = '{org.springframework.boot.test.context.SpringBootTestContextBootstrapper=true}', contextCustomizers = set[org.springframework.boot.test.autoconfigure.actuate.metrics.MetricsExportContextCustomizerFactory$DisableMetricExportContextCustomizer@7b205dbd, org.springframework.boot.test.autoconfigure.properties.PropertyMappingContextCustomizer@0, org.springframework.boot.test.autoconfigure.web.servlet.WebDriverContextCustomizerFactory$Customizer@3b7d3a38, org.springframework.boot.test.context.filter.ExcludeFilterContextCustomizer@2bb3058, org.springframework.boot.test.json.DuplicateJsonObjectContextCustomizerFactory$DuplicateJsonObjectContextCustomizer@4ae9cfc1, org.springframework.boot.test.mock.mockito.MockitoContextCustomizer@0, org.springframework.boot.test.web.client.TestRestTemplateContextCustomizer@3b96c42e, org.springframework.boot.test.context.SpringBootTestArgs@1, org.springframework.boot.test.context.SpringBootTestWebEnvironment@175b9425], resourceBasePath = 'src/main/webapp', contextLoader = 'org.springframework.boot.test.context.SpringBootContextLoader', parent = [null]], attributes = map['org.springframework.test.context.web.ServletTestExecutionListener.activateListener' -> true, 'org.springframework.test.context.web.ServletTestExecutionListener.populatedRequestContextHolder' -> true, 'org.springframework.test.context.web.ServletTestExecutionListener.resetRequestContextHolder' -> true, 'org.springframework.test.context.event.ApplicationEventsTestExecutionListener.recordApplicationEvents' -> false]]
2023-12-01 13:03:22.304  INFO 65078 --- [    Test worker] o.s.t.c.transaction.TransactionContext   : Began transaction (1) for test context [DefaultTestContext@5e752a2a testClass = OrderServiceTest, testInstance = jpabook.jpashop.service.OrderServiceTest@565bf1bb, testMethod = 주문취소@OrderServiceTest, testException = [null], mergedContextConfiguration = [WebMergedContextConfiguration@4f9191c1 testClass = OrderServiceTest, locations = '{}', classes = '{class jpabook.jpashop.JpashopApplication}', contextInitializerClasses = '[]', activeProfiles = '{}', propertySourceLocations = '{}', propertySourceProperties = '{org.springframework.boot.test.context.SpringBootTestContextBootstrapper=true}', contextCustomizers = set[org.springframework.boot.test.autoconfigure.actuate.metrics.MetricsExportContextCustomizerFactory$DisableMetricExportContextCustomizer@7b205dbd, org.springframework.boot.test.autoconfigure.properties.PropertyMappingContextCustomizer@0, org.springframework.boot.test.autoconfigure.web.servlet.WebDriverContextCustomizerFactory$Customizer@3b7d3a38, org.springframework.boot.test.context.filter.ExcludeFilterContextCustomizer@2bb3058, org.springframework.boot.test.json.DuplicateJsonObjectContextCustomizerFactory$DuplicateJsonObjectContextCustomizer@4ae9cfc1, org.springframework.boot.test.mock.mockito.MockitoContextCustomizer@0, org.springframework.boot.test.web.client.TestRestTemplateContextCustomizer@3b96c42e, org.springframework.boot.test.context.SpringBootTestArgs@1, org.springframework.boot.test.context.SpringBootTestWebEnvironment@175b9425], resourceBasePath = 'src/main/webapp', contextLoader = 'org.springframework.boot.test.context.SpringBootContextLoader', parent = [null]], attributes = map['org.springframework.test.context.web.ServletTestExecutionListener.activateListener' -> true, 'org.springframework.test.context.web.ServletTestExecutionListener.populatedRequestContextHolder' -> true, 'org.springframework.test.context.web.ServletTestExecutionListener.resetRequestContextHolder' -> true, 'org.springframework.test.context.event.ApplicationEventsTestExecutionListener.recordApplicationEvents' -> false]]; transaction manager [org.springframework.orm.jpa.JpaTransactionManager@38c1b1a7]; rollback [true]
2023-12-01 13:03:22.305 DEBUG 65078 --- [    Test worker] org.hibernate.SQL                        : 
    select
        next_val as id_val 
    from
        hibernate_sequence for update
            
2023-12-01 13:03:22.305  INFO 65078 --- [    Test worker] p6spy                                    : #1701403402305 | took 0ms | statement | connection 34| url jdbc:mysql://localhost:3306/jpa
select next_val as id_val from hibernate_sequence for update
select next_val as id_val from hibernate_sequence for update;
2023-12-01 13:03:22.305 DEBUG 65078 --- [    Test worker] org.hibernate.SQL                        : 
    update
        hibernate_sequence 
    set
        next_val= ? 
    where
        next_val=?
2023-12-01 13:03:22.306  INFO 65078 --- [    Test worker] p6spy                                    : #1701403402306 | took 0ms | statement | connection 34| url jdbc:mysql://localhost:3306/jpa
update hibernate_sequence set next_val= ? where next_val=?
update hibernate_sequence set next_val= 39 where next_val=38;
2023-12-01 13:03:22.307  INFO 65078 --- [    Test worker] p6spy                                    : #1701403402307 | took 1ms | commit | connection 34| url jdbc:mysql://localhost:3306/jpa

;
2023-12-01 13:03:22.308 DEBUG 65078 --- [    Test worker] org.hibernate.SQL                        : 
    select
        next_val as id_val 
    from
        hibernate_sequence for update
            
2023-12-01 13:03:22.308  INFO 65078 --- [    Test worker] p6spy                                    : #1701403402308 | took 0ms | statement | connection 35| url jdbc:mysql://localhost:3306/jpa
select next_val as id_val from hibernate_sequence for update
select next_val as id_val from hibernate_sequence for update;
2023-12-01 13:03:22.308 DEBUG 65078 --- [    Test worker] org.hibernate.SQL                        : 
    update
        hibernate_sequence 
    set
        next_val= ? 
    where
        next_val=?
2023-12-01 13:03:22.308  INFO 65078 --- [    Test worker] p6spy                                    : #1701403402308 | took 0ms | statement | connection 35| url jdbc:mysql://localhost:3306/jpa
update hibernate_sequence set next_val= ? where next_val=?
update hibernate_sequence set next_val= 40 where next_val=39;
2023-12-01 13:03:22.309  INFO 65078 --- [    Test worker] p6spy                                    : #1701403402309 | took 0ms | commit | connection 35| url jdbc:mysql://localhost:3306/jpa

;
2023-12-01 13:03:22.310 DEBUG 65078 --- [    Test worker] org.hibernate.SQL                        : 
    select
        next_val as id_val 
    from
        hibernate_sequence for update
            
2023-12-01 13:03:22.310  INFO 65078 --- [    Test worker] p6spy                                    : #1701403402310 | took 0ms | statement | connection 36| url jdbc:mysql://localhost:3306/jpa
select next_val as id_val from hibernate_sequence for update
select next_val as id_val from hibernate_sequence for update;
2023-12-01 13:03:22.310 DEBUG 65078 --- [    Test worker] org.hibernate.SQL                        : 
    update
        hibernate_sequence 
    set
        next_val= ? 
    where
        next_val=?
2023-12-01 13:03:22.311  INFO 65078 --- [    Test worker] p6spy                                    : #1701403402311 | took 0ms | statement | connection 36| url jdbc:mysql://localhost:3306/jpa
update hibernate_sequence set next_val= ? where next_val=?
update hibernate_sequence set next_val= 41 where next_val=40;
2023-12-01 13:03:22.311  INFO 65078 --- [    Test worker] p6spy                                    : #1701403402311 | took 0ms | commit | connection 36| url jdbc:mysql://localhost:3306/jpa

;
2023-12-01 13:03:22.312 DEBUG 65078 --- [    Test worker] org.hibernate.SQL                        : 
    select
        next_val as id_val 
    from
        hibernate_sequence for update
            
2023-12-01 13:03:22.312  INFO 65078 --- [    Test worker] p6spy                                    : #1701403402312 | took 0ms | statement | connection 37| url jdbc:mysql://localhost:3306/jpa
select next_val as id_val from hibernate_sequence for update
select next_val as id_val from hibernate_sequence for update;
2023-12-01 13:03:22.312 DEBUG 65078 --- [    Test worker] org.hibernate.SQL                        : 
    update
        hibernate_sequence 
    set
        next_val= ? 
    where
        next_val=?
2023-12-01 13:03:22.312  INFO 65078 --- [    Test worker] p6spy                                    : #1701403402312 | took 0ms | statement | connection 37| url jdbc:mysql://localhost:3306/jpa
update hibernate_sequence set next_val= ? where next_val=?
update hibernate_sequence set next_val= 42 where next_val=41;
2023-12-01 13:03:22.313  INFO 65078 --- [    Test worker] p6spy                                    : #1701403402313 | took 0ms | commit | connection 37| url jdbc:mysql://localhost:3306/jpa

;
2023-12-01 13:03:22.313 DEBUG 65078 --- [    Test worker] org.hibernate.SQL                        : 
    select
        next_val as id_val 
    from
        hibernate_sequence for update
            
2023-12-01 13:03:22.313  INFO 65078 --- [    Test worker] p6spy                                    : #1701403402313 | took 0ms | statement | connection 38| url jdbc:mysql://localhost:3306/jpa
select next_val as id_val from hibernate_sequence for update
select next_val as id_val from hibernate_sequence for update;
2023-12-01 13:03:22.313 DEBUG 65078 --- [    Test worker] org.hibernate.SQL                        : 
    update
        hibernate_sequence 
    set
        next_val= ? 
    where
        next_val=?
2023-12-01 13:03:22.313  INFO 65078 --- [    Test worker] p6spy                                    : #1701403402313 | took 0ms | statement | connection 38| url jdbc:mysql://localhost:3306/jpa
update hibernate_sequence set next_val= ? where next_val=?
update hibernate_sequence set next_val= 43 where next_val=42;
2023-12-01 13:03:22.314  INFO 65078 --- [    Test worker] p6spy                                    : #1701403402314 | took 0ms | commit | connection 38| url jdbc:mysql://localhost:3306/jpa

;
2023-12-01 13:03:22.315  INFO 65078 --- [    Test worker] p6spy                                    : #1701403402315 | took 0ms | rollback | connection 33| url jdbc:mysql://localhost:3306/jpa

;
2023-12-01 13:03:22.315  INFO 65078 --- [    Test worker] o.s.t.c.transaction.TransactionContext   : Rolled back transaction for test: [DefaultTestContext@5e752a2a testClass = OrderServiceTest, testInstance = jpabook.jpashop.service.OrderServiceTest@565bf1bb, testMethod = 주문취소@OrderServiceTest, testException = [null], mergedContextConfiguration = [WebMergedContextConfiguration@4f9191c1 testClass = OrderServiceTest, locations = '{}', classes = '{class jpabook.jpashop.JpashopApplication}', contextInitializerClasses = '[]', activeProfiles = '{}', propertySourceLocations = '{}', propertySourceProperties = '{org.springframework.boot.test.context.SpringBootTestContextBootstrapper=true}', contextCustomizers = set[org.springframework.boot.test.autoconfigure.actuate.metrics.MetricsExportContextCustomizerFactory$DisableMetricExportContextCustomizer@7b205dbd, org.springframework.boot.test.autoconfigure.properties.PropertyMappingContextCustomizer@0, org.springframework.boot.test.autoconfigure.web.servlet.WebDriverContextCustomizerFactory$Customizer@3b7d3a38, org.springframework.boot.test.context.filter.ExcludeFilterContextCustomizer@2bb3058, org.springframework.boot.test.json.DuplicateJsonObjectContextCustomizerFactory$DuplicateJsonObjectContextCustomizer@4ae9cfc1, org.springframework.boot.test.mock.mockito.MockitoContextCustomizer@0, org.springframework.boot.test.web.client.TestRestTemplateContextCustomizer@3b96c42e, org.springframework.boot.test.context.SpringBootTestArgs@1, org.springframework.boot.test.context.SpringBootTestWebEnvironment@175b9425], resourceBasePath = 'src/main/webapp', contextLoader = 'org.springframework.boot.test.context.SpringBootContextLoader', parent = [null]], attributes = map['org.springframework.test.context.web.ServletTestExecutionListener.activateListener' -> true, 'org.springframework.test.context.web.ServletTestExecutionListener.populatedRequestContextHolder' -> true, 'org.springframework.test.context.web.ServletTestExecutionListener.resetRequestContextHolder' -> true, 'org.springframework.test.context.event.ApplicationEventsTestExecutionListener.recordApplicationEvents' -> false]]
]]></system-out>
  <system-err><![CDATA[]]></system-err>
</testsuite>
